#
# A fatal error has been detected by the Java Runtime Environment:
#
#  EXCEPTION_ACCESS_VIOLATION (0xc0000005) at pc=0x00007ff93a8dc4be, pid=8724, tid=9376
#
# JRE version: OpenJDK Runtime Environment (11.0.10) (build 11.0.10+0-b96-7249189)
# Java VM: OpenJDK 64-Bit Server VM (11.0.10+0-b96-7249189, mixed mode, tiered, compressed oops, g1 gc, windows-amd64)
# Problematic frame:
# C  [native-platform-file-events.dll+0x1c4be]
#
# No core dump will be written. Minidumps are not enabled by default on client versions of Windows
#
# If you would like to submit a bug report, please visit:
#   https://bugreport.java.com/bugreport/crash.jsp
# The crash happened outside the Java Virtual Machine in native code.
# See problematic frame for where to report the bug.
#

---------------  S U M M A R Y ------------

Command Line: --add-opens=java.base/java.util=ALL-UNNAMED --add-opens=java.base/java.lang=ALL-UNNAMED --add-opens=java.base/java.lang.invoke=ALL-UNNAMED --add-opens=java.base/java.util=ALL-UNNAMED --add-opens=java.prefs/java.util.prefs=ALL-UNNAMED --add-opens=java.prefs/java.util.prefs=ALL-UNNAMED --add-opens=java.base/java.nio.charset=ALL-UNNAMED --add-opens=java.base/java.net=ALL-UNNAMED --add-opens=java.base/java.util.concurrent.atomic=ALL-UNNAMED -Xmx2048m -Dfile.encoding=UTF-8 -Duser.country=ES -Duser.language=es -Duser.variant org.gradle.launcher.daemon.bootstrap.GradleDaemon 7.0.2

Host: Intel(R) Core(TM) i5-9500 CPU @ 3.00GHz, 6 cores, 15G,  Windows 10 , 64 bit Build 19041 (10.0.19041.1023)
Time: Mon Sep 20 17:31:09 2021 Hora de verano romance elapsed time: 7.095530 seconds (0d 0h 0m 7s)

---------------  T H R E A D  ---------------

Current thread (0x00000201fc540800):  JavaThread "File watcher server" daemon [_thread_in_native, id=9376, stack(0x00000085e4900000,0x00000085e4a00000)]

Stack: [0x00000085e4900000,0x00000085e4a00000],  sp=0x00000085e49fe630,  free space=1017k
Native frames: (J=compiled Java code, j=interpreted, Vv=VM code, C=native code)
C  [native-platform-file-events.dll+0x1c4be]

Java frames: (J=compiled Java code, j=interpreted, Vv=VM code)
j  net.rubygrapefruit.platform.internal.jni.AbstractFileEventFunctions$NativeFileWatcher.executeRunLoop0(Ljava/lang/Object;)V+0
j  net.rubygrapefruit.platform.internal.jni.AbstractFileEventFunctions$NativeFileWatcher.access$100(Lnet/rubygrapefruit/platform/internal/jni/AbstractFileEventFunctions$NativeFileWatcher;Ljava/lang/Object;)V+2
j  net.rubygrapefruit.platform.internal.jni.AbstractFileEventFunctions$NativeFileWatcher$1.run()V+26
v  ~StubRoutines::call_stub

siginfo: EXCEPTION_ACCESS_VIOLATION (0xc0000005), reading address 0xffffffffffffffff


Register to memory mapping:

RIP=0x00007ff93a8dc4be native-platform-file-events.dll
RAX=0x2473636974736974 is an unknown value
RBX=0x0000000000000001 is an unknown value
RCX=0x2473636974736974 is an unknown value
RDX=0x00000085e49fe688 is pointing into the stack for thread: 0x00000201fc540800
RSP=0x00000085e49fe630 is pointing into the stack for thread: 0x00000201fc540800
RBP=0x00000085e49ff028 is pointing into the stack for thread: 0x00000201fc540800
RSI=0x0 is NULL
RDI=
[error occurred during error reporting (printing register info), id 0xc0000005, EXCEPTION_ACCESS_VIOLATION (0xc0000005) at pc=0x00007ff905589dc7]

Registers:
RAX=0x2473636974736974, RBX=0x0000000000000001, RCX=0x2473636974736974, RDX=0x00000085e49fe688
RSP=0x00000085e49fe630, RBP=0x00000085e49ff028, RSI=0x0000000000000000, RDI=0x00000000ffffffff
R8 =0x00000085e49fe690, R9 =0x000000007ffe8000, R10=0x00000000546c6148, R11=0xffffffffe883a1a9
R12=0x0000000000000000, R13=0x00000201fda94ac0, R14=0x00000085e49ff050, R15=0x00000201fc540800
RIP=0x00007ff93a8dc4be, EFLAGS=0x0000000000010202

Top of Stack: (sp=0x00000085e49fe630)
0x00000085e49fe630:   0000054bbb2b0884 0000054bbb0e133c
0x00000085e49fe640:   0000054bbb2b0884 00007ff93a8f7be5
0x00000085e49fe650:   00000085e49fe708 00000085e49fe688
0x00000085e49fe660:   0000008500000000 00000085e49fe698
0x00000085e49fe670:   00000085e49f0001 0000000d8eabf349
0x00000085e49fe680:   00000085e49fe690 0000000000000001
0x00000085e49fe690:   0000054bbb0e133c 0000054bbb2b0884
0x00000085e49fe6a0:   00000085e49ff050 00007ff93a8f7777
0x00000085e49fe6b0:   00000085e49fe708 00000085e49fe700
0x00000085e49fe6c0:   00000201f94cfde0 00000201dbf40000
0x00000085e49fe6d0:   0000000000000000 00007ff93a8e8bee
0x00000085e49fe6e0:   0000054bbb2b0884 0000000000000001
0x00000085e49fe6f0:   00000085e40fc430 00007ff95ab9f05b
0x00000085e49fe700:   000058b027ac8673 0000000000000001
0x00000085e49fe710:   000000000070006f 00007ff93a8dc6ec
0x00000085e49fe720:   2473636974736974 0000008500000003 

Instructions: (pc=0x00007ff93a8dc4be)
0x00007ff93a8dc3be:   8b 00 48 89 44 24 38 48 8b 44 24 38 48 89 44 24
0x00007ff93a8dc3ce:   58 48 8b 84 24 b0 00 00 00 48 83 c0 08 48 89 44
0x00007ff93a8dc3de:   24 40 48 8d 54 24 70 48 8b 4c 24 40 e8 26 50 fe
0x00007ff93a8dc3ee:   ff 48 8b 00 48 89 44 24 48 48 8b 44 24 48 48 89
0x00007ff93a8dc3fe:   44 24 60 4c 8b 4c 24 50 4c 8b 44 24 58 48 8b 54
0x00007ff93a8dc40e:   24 60 48 8d 4c 24 78 e8 31 92 fe ff 48 8d 4c 24
0x00007ff93a8dc41e:   78 e8 8b 6a fe ff 48 8b c8 ff 15 db ab 11 00 89
0x00007ff93a8dc42e:   44 24 24 83 7c 24 24 ff 74 15 8b 44 24 24 83 e0
0x00007ff93a8dc43e:   10 85 c0 74 0a c7 44 24 28 01 00 00 00 eb 08 c7
0x00007ff93a8dc44e:   44 24 28 00 00 00 00 0f b6 44 24 28 88 44 24 20
0x00007ff93a8dc45e:   48 8d 4c 24 78 e8 1f 97 fe ff 0f b6 44 24 20 48
0x00007ff93a8dc46e:   8b 8c 24 98 00 00 00 48 33 cc e8 8f 76 fe ff 48
0x00007ff93a8dc47e:   81 c4 a8 00 00 00 c3 cc cc cc cc cc cc cc cc cc
0x00007ff93a8dc48e:   cc cc 48 89 4c 24 08 48 81 ec e8 00 00 00 48 8b
0x00007ff93a8dc49e:   05 a5 7d 10 00 48 33 c4 48 89 84 24 d0 00 00 00
0x00007ff93a8dc4ae:   c7 44 24 30 00 00 00 00 48 8b 84 24 f0 00 00 00
0x00007ff93a8dc4be:   83 78 68 03 0f 84 02 01 00 00 48 8b 84 24 f0 00
0x00007ff93a8dc4ce:   00 00 48 8b 48 28 ff 15 36 ab 11 00 89 44 24 38
0x00007ff93a8dc4de:   83 7c 24 38 00 0f 85 d0 00 00 00 ba 07 00 00 00
0x00007ff93a8dc4ee:   48 8b 0d 1b b0 10 00 e8 48 a4 fe ff 88 44 24 34
0x00007ff93a8dc4fe:   0f b6 44 24 34 85 c0 0f 84 90 00 00 00 ff 15 07
0x00007ff93a8dc50e:   ab 11 00 89 44 24 3c 48 8b 84 24 f0 00 00 00 48
0x00007ff93a8dc51e:   83 c0 08 48 8b d0 48 8d 8c 24 90 00 00 00 e8 05
0x00007ff93a8dc52e:   51 fe ff 48 89 44 24 40 48 8b 44 24 40 48 89 44
0x00007ff93a8dc53e:   24 48 8b 44 24 30 83 c8 01 89 44 24 30 48 8b 4c
0x00007ff93a8dc54e:   24 48 e8 d5 52 fe ff 48 89 44 24 50 48 8b 84 24
0x00007ff93a8dc55e:   f0 00 00 00 48 8b 40 28 48 89 44 24 58 8b 44 24
0x00007ff93a8dc56e:   3c 89 44 24 28 48 8b 44 24 50 48 89 44 24 20 4c
0x00007ff93a8dc57e:   8b 4c 24 58 4c 8d 05 77 af 0d 00 ba 07 00 00 00
0x00007ff93a8dc58e:   48 8b 0d 7b af 10 00 e8 f8 71 fe ff 90 8b 44 24
0x00007ff93a8dc59e:   30 83 e0 01 85 c0 74 13 83 64 24 30 fe 48 8d 8c
0x00007ff93a8dc5ae:   24 90 00 00 00 e8 e7 5a fe ff 90 eb 00 48 8b 84 


Stack slot to memory mapping:
stack at sp + 0 slots: 0x0000054bbb2b0884 is an unknown value
stack at sp + 1 slots: 0x0000054bbb0e133c is an unknown value
stack at sp + 2 slots: 0x0000054bbb2b0884 is an unknown value
stack at sp + 3 slots: 0x00007ff93a8f7be5 native-platform-file-events.dll
stack at sp + 4 slots: 0x00000085e49fe708 is pointing into the stack for thread: 0x00000201fc540800
stack at sp + 5 slots: 0x00000085e49fe688 is pointing into the stack for thread: 0x00000201fc540800
stack at sp + 6 slots: 0x0000008500000000 is an unknown value
stack at sp + 7 slots: 0x00000085e49fe698 is pointing into the stack for thread: 0x00000201fc540800


---------------  P R O C E S S  ---------------

Threads class SMR info:
_java_thread_list=0x0000020180848470, length=44, elements={
0x00000201de06c000, 0x00000201f8928000, 0x00000201f892b000, 0x00000201f8988800,
0x00000201f898a800, 0x00000201f898b800, 0x00000201f8990800, 0x00000201f8992000,
0x00000201f899a800, 0x00000201f8b0b800, 0x00000201fb41b000, 0x00000201fae7e800,
0x00000201fc0d4800, 0x00000201fac75800, 0x00000201fba8e800, 0x00000201fb78e800,
0x00000201fad0d800, 0x00000201fab49000, 0x00000201fb45c800, 0x00000201fa94c800,
0x00000201fa94a000, 0x00000201fa94b000, 0x00000201fa94b800, 0x00000201fc546000,
0x00000201fc540800, 0x00000201fc547000, 0x00000201fc542000, 0x00000201fc543800,
0x00000201fc541000, 0x00000201fc54a000, 0x00000201fc54b000, 0x00000201fc54c800,
0x00000201fc54d800, 0x00000201fc547800, 0x00000201fc548800, 0x00000201fc54f000,
0x00000201fc54e000, 0x00000201fc6aa000, 0x00000201fc6a6000, 0x00000201fc6a4000,
0x00000201fc6aa800, 0x00000201fc6a5000, 0x00000201fc6ac800, 0x00000201f8bf8000
}

Java Threads: ( => current thread )
  0x00000201de06c000 JavaThread "main" [_thread_blocked, id=6480, stack(0x00000085e2300000,0x00000085e2400000)]
  0x00000201f8928000 JavaThread "Reference Handler" daemon [_thread_blocked, id=4860, stack(0x00000085e2a00000,0x00000085e2b00000)]
  0x00000201f892b000 JavaThread "Finalizer" daemon [_thread_blocked, id=9668, stack(0x00000085e2b00000,0x00000085e2c00000)]
  0x00000201f8988800 JavaThread "Signal Dispatcher" daemon [_thread_blocked, id=2684, stack(0x00000085e2c00000,0x00000085e2d00000)]
  0x00000201f898a800 JavaThread "Attach Listener" daemon [_thread_blocked, id=8788, stack(0x00000085e2d00000,0x00000085e2e00000)]
  0x00000201f898b800 JavaThread "Service Thread" daemon [_thread_blocked, id=3580, stack(0x00000085e2e00000,0x00000085e2f00000)]
  0x00000201f8990800 JavaThread "C2 CompilerThread0" daemon [_thread_in_native, id=8460, stack(0x00000085e2f00000,0x00000085e3000000)]
  0x00000201f8992000 JavaThread "C1 CompilerThread0" daemon [_thread_blocked, id=2772, stack(0x00000085e3000000,0x00000085e3100000)]
  0x00000201f899a800 JavaThread "Sweeper thread" daemon [_thread_blocked, id=10760, stack(0x00000085e3100000,0x00000085e3200000)]
  0x00000201f8b0b800 JavaThread "Common-Cleaner" daemon [_thread_blocked, id=6916, stack(0x00000085e3200000,0x00000085e3300000)]
  0x00000201fb41b000 JavaThread "Daemon health stats" [_thread_blocked, id=1560, stack(0x00000085e3a00000,0x00000085e3b00000)]
  0x00000201fae7e800 JavaThread "Incoming local TCP Connector on port 60203" [_thread_in_native, id=1920, stack(0x00000085e3b00000,0x00000085e3c00000)]
  0x00000201fc0d4800 JavaThread "Daemon periodic checks" [_thread_blocked, id=9084, stack(0x00000085e3c00000,0x00000085e3d00000)]
  0x00000201fac75800 JavaThread "Daemon" [_thread_blocked, id=6580, stack(0x00000085e3d00000,0x00000085e3e00000)]
  0x00000201fba8e800 JavaThread "Handler for socket connection from /127.0.0.1:60203 to /127.0.0.1:60204" [_thread_in_native, id=7424, stack(0x00000085e3e00000,0x00000085e3f00000)]
  0x00000201fb78e800 JavaThread "Cancel handler" [_thread_blocked, id=4344, stack(0x00000085e3f00000,0x00000085e4000000)]
  0x00000201fad0d800 JavaThread "Daemon worker" [_thread_in_vm, id=1208, stack(0x00000085e4000000,0x00000085e4100000)]
  0x00000201fab49000 JavaThread "Asynchronous log dispatcher for DefaultDaemonConnection: socket connection from /127.0.0.1:60203 to /127.0.0.1:60204" [_thread_blocked, id=9080, stack(0x00000085e4100000,0x00000085e4200000)]
  0x00000201fb45c800 JavaThread "Stdin handler" [_thread_blocked, id=11088, stack(0x00000085e4200000,0x00000085e4300000)]
  0x00000201fa94c800 JavaThread "Daemon client event forwarder" [_thread_blocked, id=592, stack(0x00000085e4300000,0x00000085e4400000)]
  0x00000201fa94a000 JavaThread "Cache worker for file hash cache (C:\Users\a20raulcg\.gradle\caches\7.0.2\fileHashes)" [_thread_blocked, id=5924, stack(0x00000085e4400000,0x00000085e4500000)]
  0x00000201fa94b000 JavaThread "File lock request listener" [_thread_in_native, id=7904, stack(0x00000085e4500000,0x00000085e4600000)]
  0x00000201fa94b800 JavaThread "Cache worker for journal cache (C:\Users\a20raulcg\.gradle\caches\journal-1)" [_thread_blocked, id=10816, stack(0x00000085e4700000,0x00000085e4800000)]
  0x00000201fc546000 JavaThread "Cache worker for file hash cache (Z:\Raul\Segundo\PMDM\Proyectos\.gradle\7.0.2\fileHashes)" [_thread_blocked, id=8004, stack(0x00000085e4800000,0x00000085e4900000)]
=>0x00000201fc540800 JavaThread "File watcher server" daemon [_thread_in_native, id=9376, stack(0x00000085e4900000,0x00000085e4a00000)]
  0x00000201fc547000 JavaThread "File watcher consumer" daemon [_thread_blocked, id=1792, stack(0x00000085e4a00000,0x00000085e4b00000)]
  0x00000201fc542000 JavaThread "Cache worker for checksums cache (Z:\Raul\Segundo\PMDM\Proyectos\.gradle\checksums)" [_thread_blocked, id=8524, stack(0x00000085e4b00000,0x00000085e4c00000)]
  0x00000201fc543800 JavaThread "Cache worker for execution history cache (C:\Users\a20raulcg\.gradle\caches\7.0.2\executionHistory)" [_thread_blocked, id=1448, stack(0x00000085e4e00000,0x00000085e4f00000)]
  0x00000201fc541000 JavaThread "jar transforms" [_thread_blocked, id=10876, stack(0x00000085e4f00000,0x00000085e5000000)]
  0x00000201fc54a000 JavaThread "jar transforms Thread 2" [_thread_blocked, id=10520, stack(0x00000085e5000000,0x00000085e5100000)]
  0x00000201fc54b000 JavaThread "Cache worker for file content cache (C:\Users\a20raulcg\.gradle\caches\7.0.2\fileContent)" [_thread_blocked, id=9492, stack(0x00000085e5100000,0x00000085e5200000)]
  0x00000201fc54c800 JavaThread "Cache worker for dependencies-accessors (Z:\Raul\Segundo\PMDM\Proyectos\.gradle\7.0.2\dependencies-accessors)" [_thread_blocked, id=5132, stack(0x00000085e5200000,0x00000085e5300000)]
  0x00000201fc54d800 JavaThread "jar transforms Thread 3" [_thread_blocked, id=10692, stack(0x00000085e5300000,0x00000085e5400000)]
  0x00000201fc547800 JavaThread "Build operations" [_thread_blocked, id=5936, stack(0x00000085e5500000,0x00000085e5600000)]
  0x00000201fc548800 JavaThread "Build operations Thread 2" [_thread_blocked, id=8540, stack(0x00000085e5600000,0x00000085e5700000)]
  0x00000201fc54f000 JavaThread "Build operations Thread 3" [_thread_blocked, id=10724, stack(0x00000085e5700000,0x00000085e5800000)]
  0x00000201fc54e000 JavaThread "Build operations Thread 4" [_thread_blocked, id=11160, stack(0x00000085e5800000,0x00000085e5900000)]
  0x00000201fc6aa000 JavaThread "Build operations Thread 5" [_thread_blocked, id=10428, stack(0x00000085e5900000,0x00000085e5a00000)]
  0x00000201fc6a6000 JavaThread "Build operations Thread 6" [_thread_blocked, id=6292, stack(0x00000085e5a00000,0x00000085e5b00000)]
  0x00000201fc6a4000 JavaThread "jar transforms Thread 4" [_thread_blocked, id=8080, stack(0x00000085e5b00000,0x00000085e5c00000)]
  0x00000201fc6aa800 JavaThread "jar transforms Thread 5" [_thread_blocked, id=9460, stack(0x00000085e5c00000,0x00000085e5d00000)]
  0x00000201fc6a5000 JavaThread "jar transforms Thread 6" [_thread_blocked, id=2448, stack(0x00000085e5d00000,0x00000085e5e00000)]
  0x00000201fc6ac800 JavaThread "Memory manager" [_thread_blocked, id=10232, stack(0x00000085e5e00000,0x00000085e5f00000)]
  0x00000201f8bf8000 JavaThread "C2 CompilerThread1" daemon [_thread_in_native, id=7720, stack(0x00000085e3400000,0x00000085e3500000)]

Other Threads:
  0x00000201f8925800 VMThread "VM Thread" [stack: 0x00000085e2900000,0x00000085e2a00000] [id=10696]
  0x00000201f8b25000 WatcherThread [stack: 0x00000085e3300000,0x00000085e3400000] [id=7788]
  0x00000201de083800 GCTaskThread "GC Thread#0" [stack: 0x00000085e2400000,0x00000085e2500000] [id=6408]
  0x00000201f9758800 GCTaskThread "GC Thread#1" [stack: 0x00000085e3500000,0x00000085e3600000] [id=4968]
  0x00000201f95e3000 GCTaskThread "GC Thread#2" [stack: 0x00000085e3600000,0x00000085e3700000] [id=9320]
  0x00000201f95e4000 GCTaskThread "GC Thread#3" [stack: 0x00000085e3700000,0x00000085e3800000] [id=1364]
  0x00000201f9848000 GCTaskThread "GC Thread#4" [stack: 0x00000085e3800000,0x00000085e3900000] [id=5512]
  0x00000201f9791800 GCTaskThread "GC Thread#5" [stack: 0x00000085e3900000,0x00000085e3a00000] [id=10216]
  0x00000201de0b6000 ConcurrentGCThread "G1 Main Marker" [stack: 0x00000085e2500000,0x00000085e2600000] [id=7520]
  0x00000201de0b7000 ConcurrentGCThread "G1 Conc#0" [stack: 0x00000085e2600000,0x00000085e2700000] [id=10640]
  0x00000201fa4bc800 ConcurrentGCThread "G1 Conc#1" [stack: 0x00000085e4600000,0x00000085e4700000] [id=9796]
  0x00000201f7f75000 ConcurrentGCThread "G1 Refine#0" [stack: 0x00000085e2700000,0x00000085e2800000] [id=8312]
  0x00000201f7f76000 ConcurrentGCThread "G1 Young RemSet Sampling" [stack: 0x00000085e2800000,0x00000085e2900000] [id=7300]

Threads with active compile tasks:
C2 CompilerThread0   7116 9449       4       java.util.HashMap$HashIterator::<init> (79 bytes)
C2 CompilerThread1   7116 9450       4       java.util.HashMap$ValueIterator::next (8 bytes)

VM state:not at safepoint (normal execution)

VM Mutex/Monitor currently owned by a thread: None

Heap address: 0x0000000080000000, size: 2048 MB, Compressed Oops mode: 32-bit
Narrow klass base: 0x0000000000000000, Narrow klass shift: 3
Compressed class space size: 1073741824 Address: 0x0000000100000000

Heap:
 garbage-first heap   total 260096K, used 140516K [0x0000000080000000, 0x0000000100000000)
  region size 1024K, 89 young (91136K), 10 survivors (10240K)
 Metaspace       used 80416K, capacity 82610K, committed 82764K, reserved 1120256K
  class space    used 10493K, capacity 11319K, committed 11340K, reserved 1048576K
Heap Regions: E=young(eden), S=young(survivor), O=old, HS=humongous(starts), HC=humongous(continues), CS=collection set, F=free, A=archive, TAMS=top-at-mark-start (previous, next)
|   0|0x0000000080000000, 0x0000000080100000, 0x0000000080100000|100%| O|  |TAMS 0x0000000080100000, 0x0000000080000000| Untracked 
|   1|0x0000000080100000, 0x0000000080200000, 0x0000000080200000|100%| O|  |TAMS 0x0000000080200000, 0x0000000080100000| Untracked 
|   2|0x0000000080200000, 0x0000000080300000, 0x0000000080300000|100%| O|  |TAMS 0x0000000080300000, 0x0000000080200000| Untracked 
|   3|0x0000000080300000, 0x0000000080400000, 0x0000000080400000|100%|HS|  |TAMS 0x0000000080400000, 0x0000000080300000| Complete 
|   4|0x0000000080400000, 0x0000000080500000, 0x0000000080500000|100%|HC|  |TAMS 0x0000000080500000, 0x0000000080400000| Complete 
|   5|0x0000000080500000, 0x0000000080600000, 0x0000000080600000|100%|HC|  |TAMS 0x0000000080600000, 0x0000000080500000| Complete 
|   6|0x0000000080600000, 0x0000000080700000, 0x0000000080700000|100%| O|  |TAMS 0x0000000080700000, 0x0000000080600000| Untracked 
|   7|0x0000000080700000, 0x0000000080800000, 0x0000000080800000|100%| O|  |TAMS 0x0000000080800000, 0x0000000080700000| Untracked 
|   8|0x0000000080800000, 0x0000000080900000, 0x0000000080900000|100%| O|  |TAMS 0x0000000080900000, 0x0000000080800000| Untracked 
|   9|0x0000000080900000, 0x0000000080a00000, 0x0000000080a00000|100%| O|  |TAMS 0x0000000080a00000, 0x0000000080900000| Untracked 
|  10|0x0000000080a00000, 0x0000000080b00000, 0x0000000080b00000|100%| O|  |TAMS 0x0000000080b00000, 0x0000000080a00000| Untracked 
|  11|0x0000000080b00000, 0x0000000080c00000, 0x0000000080c00000|100%| O|  |TAMS 0x0000000080c00000, 0x0000000080b00000| Untracked 
|  12|0x0000000080c00000, 0x0000000080d00000, 0x0000000080d00000|100%| O|  |TAMS 0x0000000080d00000, 0x0000000080c00000| Untracked 
|  13|0x0000000080d00000, 0x0000000080e00000, 0x0000000080e00000|100%| O|  |TAMS 0x0000000080e00000, 0x0000000080d00000| Untracked 
|  14|0x0000000080e00000, 0x0000000080f00000, 0x0000000080f00000|100%| O|  |TAMS 0x0000000080f00000, 0x0000000080e00000| Untracked 
|  15|0x0000000080f00000, 0x0000000081000000, 0x0000000081000000|100%| O|  |TAMS 0x0000000081000000, 0x0000000080f00000| Untracked 
|  16|0x0000000081000000, 0x0000000081100000, 0x0000000081100000|100%|HS|  |TAMS 0x0000000081100000, 0x0000000081000000| Complete 
|  17|0x0000000081100000, 0x0000000081200000, 0x0000000081200000|100%|HS|  |TAMS 0x0000000081200000, 0x0000000081100000| Complete 
|  18|0x0000000081200000, 0x0000000081300000, 0x0000000081300000|100%|HS|  |TAMS 0x0000000081300000, 0x0000000081200000| Complete 
|  19|0x0000000081300000, 0x0000000081400000, 0x0000000081400000|100%|HC|  |TAMS 0x0000000081400000, 0x0000000081300000| Complete 
|  20|0x0000000081400000, 0x0000000081500000, 0x0000000081500000|100%| O|  |TAMS 0x0000000081500000, 0x0000000081400000| Untracked 
|  21|0x0000000081500000, 0x0000000081600000, 0x0000000081600000|100%| O|  |TAMS 0x0000000081600000, 0x0000000081500000| Untracked 
|  22|0x0000000081600000, 0x0000000081700000, 0x0000000081700000|100%| O|  |TAMS 0x0000000081700000, 0x0000000081600000| Untracked 
|  23|0x0000000081700000, 0x0000000081800000, 0x0000000081800000|100%| O|  |TAMS 0x0000000081800000, 0x0000000081700000| Untracked 
|  24|0x0000000081800000, 0x0000000081900000, 0x0000000081900000|100%| O|  |TAMS 0x0000000081900000, 0x0000000081800000| Untracked 
|  25|0x0000000081900000, 0x0000000081a00000, 0x0000000081a00000|100%| O|  |TAMS 0x0000000081a00000, 0x0000000081900000| Untracked 
|  26|0x0000000081a00000, 0x0000000081b00000, 0x0000000081b00000|100%| O|  |TAMS 0x0000000081b00000, 0x0000000081a00000| Untracked 
|  27|0x0000000081b00000, 0x0000000081c00000, 0x0000000081c00000|100%| O|  |TAMS 0x0000000081c00000, 0x0000000081b00000| Untracked 
|  28|0x0000000081c00000, 0x0000000081d00000, 0x0000000081d00000|100%| O|  |TAMS 0x0000000081d00000, 0x0000000081c00000| Untracked 
|  29|0x0000000081d00000, 0x0000000081e00000, 0x0000000081e00000|100%| O|  |TAMS 0x0000000081e00000, 0x0000000081d00000| Untracked 
|  30|0x0000000081e00000, 0x0000000081f00000, 0x0000000081f00000|100%| O|  |TAMS 0x0000000081f00000, 0x0000000081e00000| Untracked 
|  31|0x0000000081f00000, 0x0000000082000000, 0x0000000082000000|100%| O|  |TAMS 0x0000000082000000, 0x0000000081f00000| Untracked 
|  32|0x0000000082000000, 0x0000000082100000, 0x0000000082100000|100%| O|  |TAMS 0x0000000082100000, 0x0000000082000000| Untracked 
|  33|0x0000000082100000, 0x0000000082200000, 0x0000000082200000|100%| O|  |TAMS 0x0000000082200000, 0x0000000082100000| Untracked 
|  34|0x0000000082200000, 0x0000000082300000, 0x0000000082300000|100%| O|  |TAMS 0x0000000082300000, 0x0000000082200000| Untracked 
|  35|0x0000000082300000, 0x0000000082400000, 0x0000000082400000|100%| O|  |TAMS 0x0000000082400000, 0x0000000082300000| Untracked 
|  36|0x0000000082400000, 0x0000000082500000, 0x0000000082500000|100%| O|  |TAMS 0x0000000082500000, 0x0000000082400000| Untracked 
|  37|0x0000000082500000, 0x0000000082600000, 0x0000000082600000|100%| O|  |TAMS 0x0000000082600000, 0x0000000082500000| Untracked 
|  38|0x0000000082600000, 0x0000000082700000, 0x0000000082700000|100%| O|  |TAMS 0x0000000082700000, 0x0000000082600000| Untracked 
|  39|0x0000000082700000, 0x0000000082800000, 0x0000000082800000|100%| O|  |TAMS 0x0000000082800000, 0x0000000082700000| Untracked 
|  40|0x0000000082800000, 0x0000000082900000, 0x0000000082900000|100%| O|  |TAMS 0x00000000828d9800, 0x0000000082800000| Untracked 
|  41|0x0000000082900000, 0x0000000082a00000, 0x0000000082a00000|100%| O|  |TAMS 0x0000000082900000, 0x0000000082900000| Untracked 
|  42|0x0000000082a00000, 0x0000000082b00000, 0x0000000082b00000|100%| O|  |TAMS 0x0000000082a00000, 0x0000000082a00000| Untracked 
|  43|0x0000000082b00000, 0x0000000082c00000, 0x0000000082c00000|100%| O|  |TAMS 0x0000000082b00000, 0x0000000082b00000| Untracked 
|  44|0x0000000082c00000, 0x0000000082d00000, 0x0000000082d00000|100%| O|  |TAMS 0x0000000082c00000, 0x0000000082c00000| Untracked 
|  45|0x0000000082d00000, 0x0000000082e00000, 0x0000000082e00000|100%| O|  |TAMS 0x0000000082d00000, 0x0000000082d00000| Untracked 
|  46|0x0000000082e00000, 0x0000000082f00000, 0x0000000082f00000|100%| O|  |TAMS 0x0000000082e00000, 0x0000000082e00000| Untracked 
|  47|0x0000000082f00000, 0x0000000083000000, 0x0000000083000000|100%| O|  |TAMS 0x0000000082f00000, 0x0000000082f00000| Untracked 
|  48|0x0000000083000000, 0x0000000083100000, 0x0000000083100000|100%| O|  |TAMS 0x0000000083000000, 0x0000000083000000| Untracked 
|  49|0x0000000083100000, 0x0000000083200000, 0x0000000083200000|100%| O|  |TAMS 0x0000000083100000, 0x0000000083100000| Untracked 
|  50|0x0000000083200000, 0x0000000083300000, 0x0000000083300000|100%| O|  |TAMS 0x0000000083200000, 0x0000000083200000| Untracked 
|  51|0x0000000083300000, 0x0000000083316400, 0x0000000083400000|  8%| O|  |TAMS 0x0000000083300000, 0x0000000083300000| Untracked 
|  52|0x0000000083400000, 0x0000000083400000, 0x0000000083500000|  0%| F|  |TAMS 0x0000000083400000, 0x0000000083400000| Untracked 
|  53|0x0000000083500000, 0x0000000083500000, 0x0000000083600000|  0%| F|  |TAMS 0x0000000083500000, 0x0000000083500000| Untracked 
|  54|0x0000000083600000, 0x0000000083600000, 0x0000000083700000|  0%| F|  |TAMS 0x0000000083600000, 0x0000000083600000| Untracked 
|  55|0x0000000083700000, 0x0000000083700000, 0x0000000083800000|  0%| F|  |TAMS 0x0000000083700000, 0x0000000083700000| Untracked 
|  56|0x0000000083800000, 0x0000000083800000, 0x0000000083900000|  0%| F|  |TAMS 0x0000000083800000, 0x0000000083800000| Untracked 
|  57|0x0000000083900000, 0x0000000083900000, 0x0000000083a00000|  0%| F|  |TAMS 0x0000000083900000, 0x0000000083900000| Untracked 
|  58|0x0000000083a00000, 0x0000000083a00000, 0x0000000083b00000|  0%| F|  |TAMS 0x0000000083a00000, 0x0000000083a00000| Untracked 
|  59|0x0000000083b00000, 0x0000000083b00000, 0x0000000083c00000|  0%| F|  |TAMS 0x0000000083b00000, 0x0000000083b00000| Untracked 
|  60|0x0000000083c00000, 0x0000000083c00000, 0x0000000083d00000|  0%| F|  |TAMS 0x0000000083c00000, 0x0000000083c00000| Untracked 
|  61|0x0000000083d00000, 0x0000000083d00000, 0x0000000083e00000|  0%| F|  |TAMS 0x0000000083d00000, 0x0000000083d00000| Untracked 
|  62|0x0000000083e00000, 0x0000000083e00000, 0x0000000083f00000|  0%| F|  |TAMS 0x0000000083e00000, 0x0000000083e00000| Untracked 
|  63|0x0000000083f00000, 0x0000000083f00000, 0x0000000084000000|  0%| F|  |TAMS 0x0000000083f00000, 0x0000000083f00000| Untracked 
|  64|0x0000000084000000, 0x0000000084000000, 0x0000000084100000|  0%| F|  |TAMS 0x0000000084000000, 0x0000000084000000| Untracked 
|  65|0x0000000084100000, 0x0000000084100000, 0x0000000084200000|  0%| F|  |TAMS 0x0000000084100000, 0x0000000084100000| Untracked 
|  66|0x0000000084200000, 0x0000000084200000, 0x0000000084300000|  0%| F|  |TAMS 0x0000000084200000, 0x0000000084200000| Untracked 
|  67|0x0000000084300000, 0x0000000084300000, 0x0000000084400000|  0%| F|  |TAMS 0x0000000084300000, 0x0000000084300000| Untracked 
|  68|0x0000000084400000, 0x0000000084400000, 0x0000000084500000|  0%| F|  |TAMS 0x0000000084400000, 0x0000000084400000| Untracked 
|  69|0x0000000084500000, 0x0000000084500000, 0x0000000084600000|  0%| F|  |TAMS 0x0000000084500000, 0x0000000084500000| Untracked 
|  70|0x0000000084600000, 0x0000000084600000, 0x0000000084700000|  0%| F|  |TAMS 0x0000000084600000, 0x0000000084600000| Untracked 
|  71|0x0000000084700000, 0x0000000084700000, 0x0000000084800000|  0%| F|  |TAMS 0x0000000084700000, 0x0000000084700000| Untracked 
|  72|0x0000000084800000, 0x0000000084800000, 0x0000000084900000|  0%| F|  |TAMS 0x0000000084800000, 0x0000000084800000| Untracked 
|  73|0x0000000084900000, 0x0000000084900000, 0x0000000084a00000|  0%| F|  |TAMS 0x0000000084900000, 0x0000000084900000| Untracked 
|  74|0x0000000084a00000, 0x0000000084a00000, 0x0000000084b00000|  0%| F|  |TAMS 0x0000000084a00000, 0x0000000084a00000| Untracked 
|  75|0x0000000084b00000, 0x0000000084b00000, 0x0000000084c00000|  0%| F|  |TAMS 0x0000000084b00000, 0x0000000084b00000| Untracked 
|  76|0x0000000084c00000, 0x0000000084c00000, 0x0000000084d00000|  0%| F|  |TAMS 0x0000000084c00000, 0x0000000084c00000| Untracked 
|  77|0x0000000084d00000, 0x0000000084d00000, 0x0000000084e00000|  0%| F|  |TAMS 0x0000000084d00000, 0x0000000084d00000| Untracked 
|  78|0x0000000084e00000, 0x0000000084e00000, 0x0000000084f00000|  0%| F|  |TAMS 0x0000000084e00000, 0x0000000084e00000| Untracked 
|  79|0x0000000084f00000, 0x0000000084f00000, 0x0000000085000000|  0%| F|  |TAMS 0x0000000084f00000, 0x0000000084f00000| Untracked 
|  80|0x0000000085000000, 0x0000000085000000, 0x0000000085100000|  0%| F|  |TAMS 0x0000000085000000, 0x0000000085000000| Untracked 
|  81|0x0000000085100000, 0x0000000085100000, 0x0000000085200000|  0%| F|  |TAMS 0x0000000085100000, 0x0000000085100000| Untracked 
|  82|0x0000000085200000, 0x0000000085200000, 0x0000000085300000|  0%| F|  |TAMS 0x0000000085200000, 0x0000000085200000| Untracked 
|  83|0x0000000085300000, 0x0000000085300000, 0x0000000085400000|  0%| F|  |TAMS 0x0000000085300000, 0x0000000085300000| Untracked 
|  84|0x0000000085400000, 0x0000000085400000, 0x0000000085500000|  0%| F|  |TAMS 0x0000000085400000, 0x0000000085400000| Untracked 
|  85|0x0000000085500000, 0x0000000085500000, 0x0000000085600000|  0%| F|  |TAMS 0x0000000085500000, 0x0000000085500000| Untracked 
|  86|0x0000000085600000, 0x0000000085600000, 0x0000000085700000|  0%| F|  |TAMS 0x0000000085600000, 0x0000000085600000| Untracked 
|  87|0x0000000085700000, 0x0000000085700000, 0x0000000085800000|  0%| F|  |TAMS 0x0000000085700000, 0x0000000085700000| Untracked 
|  88|0x0000000085800000, 0x0000000085800000, 0x0000000085900000|  0%| F|  |TAMS 0x0000000085800000, 0x0000000085800000| Untracked 
|  89|0x0000000085900000, 0x0000000085900000, 0x0000000085a00000|  0%| F|  |TAMS 0x0000000085900000, 0x0000000085900000| Untracked 
|  90|0x0000000085a00000, 0x0000000085a00000, 0x0000000085b00000|  0%| F|  |TAMS 0x0000000085a00000, 0x0000000085a00000| Untracked 
|  91|0x0000000085b00000, 0x0000000085b00000, 0x0000000085c00000|  0%| F|  |TAMS 0x0000000085b00000, 0x0000000085b00000| Untracked 
|  92|0x0000000085c00000, 0x0000000085c00000, 0x0000000085d00000|  0%| F|  |TAMS 0x0000000085c00000, 0x0000000085c00000| Untracked 
|  93|0x0000000085d00000, 0x0000000085d00000, 0x0000000085e00000|  0%| F|  |TAMS 0x0000000085d00000, 0x0000000085d00000| Untracked 
|  94|0x0000000085e00000, 0x0000000085e00000, 0x0000000085f00000|  0%| F|  |TAMS 0x0000000085e00000, 0x0000000085e00000| Untracked 
|  95|0x0000000085f00000, 0x0000000085f00000, 0x0000000086000000|  0%| F|  |TAMS 0x0000000085f00000, 0x0000000085f00000| Untracked 
|  96|0x0000000086000000, 0x0000000086000000, 0x0000000086100000|  0%| F|  |TAMS 0x0000000086000000, 0x0000000086000000| Untracked 
|  97|0x0000000086100000, 0x0000000086100000, 0x0000000086200000|  0%| F|  |TAMS 0x0000000086100000, 0x0000000086100000| Untracked 
|  98|0x0000000086200000, 0x0000000086200000, 0x0000000086300000|  0%| F|  |TAMS 0x0000000086200000, 0x0000000086200000| Untracked 
|  99|0x0000000086300000, 0x0000000086300000, 0x0000000086400000|  0%| F|  |TAMS 0x0000000086300000, 0x0000000086300000| Untracked 
| 100|0x0000000086400000, 0x0000000086400000, 0x0000000086500000|  0%| F|  |TAMS 0x0000000086400000, 0x0000000086400000| Untracked 
| 101|0x0000000086500000, 0x0000000086500000, 0x0000000086600000|  0%| F|  |TAMS 0x0000000086500000, 0x0000000086500000| Untracked 
| 102|0x0000000086600000, 0x0000000086600000, 0x0000000086700000|  0%| F|  |TAMS 0x0000000086600000, 0x0000000086600000| Untracked 
| 103|0x0000000086700000, 0x0000000086700000, 0x0000000086800000|  0%| F|  |TAMS 0x0000000086700000, 0x0000000086700000| Untracked 
| 104|0x0000000086800000, 0x0000000086822d80, 0x0000000086900000| 13%| S|CS|TAMS 0x0000000086800000, 0x0000000086800000| Complete 
| 105|0x0000000086900000, 0x0000000086a00000, 0x0000000086a00000|100%| S|CS|TAMS 0x0000000086900000, 0x0000000086900000| Complete 
| 106|0x0000000086a00000, 0x0000000086b00000, 0x0000000086b00000|100%| S|CS|TAMS 0x0000000086a00000, 0x0000000086a00000| Complete 
| 107|0x0000000086b00000, 0x0000000086c00000, 0x0000000086c00000|100%| S|CS|TAMS 0x0000000086b00000, 0x0000000086b00000| Complete 
| 108|0x0000000086c00000, 0x0000000086d00000, 0x0000000086d00000|100%| S|CS|TAMS 0x0000000086c00000, 0x0000000086c00000| Complete 
| 109|0x0000000086d00000, 0x0000000086e00000, 0x0000000086e00000|100%| S|CS|TAMS 0x0000000086d00000, 0x0000000086d00000| Complete 
| 110|0x0000000086e00000, 0x0000000086e00000, 0x0000000086f00000|  0%| F|  |TAMS 0x0000000086e00000, 0x0000000086e00000| Untracked 
| 111|0x0000000086f00000, 0x0000000086f00000, 0x0000000087000000|  0%| F|  |TAMS 0x0000000086f00000, 0x0000000086f00000| Untracked 
| 112|0x0000000087000000, 0x0000000087000000, 0x0000000087100000|  0%| F|  |TAMS 0x0000000087000000, 0x0000000087000000| Untracked 
| 113|0x0000000087100000, 0x0000000087100000, 0x0000000087200000|  0%| F|  |TAMS 0x0000000087100000, 0x0000000087100000| Untracked 
| 114|0x0000000087200000, 0x0000000087200000, 0x0000000087300000|  0%| F|  |TAMS 0x0000000087200000, 0x0000000087200000| Untracked 
| 115|0x0000000087300000, 0x0000000087300000, 0x0000000087400000|  0%| F|  |TAMS 0x0000000087300000, 0x0000000087300000| Untracked 
| 116|0x0000000087400000, 0x0000000087400000, 0x0000000087500000|  0%| F|  |TAMS 0x0000000087400000, 0x0000000087400000| Untracked 
| 117|0x0000000087500000, 0x0000000087500000, 0x0000000087600000|  0%| F|  |TAMS 0x0000000087500000, 0x0000000087500000| Untracked 
| 118|0x0000000087600000, 0x0000000087600000, 0x0000000087700000|  0%| F|  |TAMS 0x0000000087600000, 0x0000000087600000| Untracked 
| 119|0x0000000087700000, 0x0000000087700000, 0x0000000087800000|  0%| F|  |TAMS 0x0000000087700000, 0x0000000087700000| Untracked 
| 120|0x0000000087800000, 0x0000000087800000, 0x0000000087900000|  0%| F|  |TAMS 0x0000000087800000, 0x0000000087800000| Untracked 
| 121|0x0000000087900000, 0x0000000087a00000, 0x0000000087a00000|100%| S|CS|TAMS 0x0000000087900000, 0x0000000087900000| Complete 
| 122|0x0000000087a00000, 0x0000000087b00000, 0x0000000087b00000|100%| S|CS|TAMS 0x0000000087a00000, 0x0000000087a00000| Complete 
| 123|0x0000000087b00000, 0x0000000087c00000, 0x0000000087c00000|100%| S|CS|TAMS 0x0000000087b00000, 0x0000000087b00000| Complete 
| 124|0x0000000087c00000, 0x0000000087d00000, 0x0000000087d00000|100%| S|CS|TAMS 0x0000000087c00000, 0x0000000087c00000| Complete 
| 125|0x0000000087d00000, 0x0000000087d00000, 0x0000000087e00000|  0%| F|  |TAMS 0x0000000087d00000, 0x0000000087d00000| Untracked 
| 126|0x0000000087e00000, 0x0000000087e00000, 0x0000000087f00000|  0%| F|  |TAMS 0x0000000087e00000, 0x0000000087e00000| Untracked 
| 127|0x0000000087f00000, 0x0000000087f00000, 0x0000000088000000|  0%| F|  |TAMS 0x0000000087f00000, 0x0000000087f00000| Untracked 
| 128|0x0000000088000000, 0x0000000088000000, 0x0000000088100000|  0%| F|  |TAMS 0x0000000088000000, 0x0000000088000000| Untracked 
| 129|0x0000000088100000, 0x0000000088100000, 0x0000000088200000|  0%| F|  |TAMS 0x0000000088100000, 0x0000000088100000| Untracked 
| 130|0x0000000088200000, 0x0000000088200000, 0x0000000088300000|  0%| F|  |TAMS 0x0000000088200000, 0x0000000088200000| Untracked 
| 131|0x0000000088300000, 0x0000000088300000, 0x0000000088400000|  0%| F|  |TAMS 0x0000000088300000, 0x0000000088300000| Untracked 
| 132|0x0000000088400000, 0x0000000088400000, 0x0000000088500000|  0%| F|  |TAMS 0x0000000088400000, 0x0000000088400000| Untracked 
| 133|0x0000000088500000, 0x0000000088500000, 0x0000000088600000|  0%| F|  |TAMS 0x0000000088500000, 0x0000000088500000| Untracked 
| 134|0x0000000088600000, 0x0000000088600000, 0x0000000088700000|  0%| F|  |TAMS 0x0000000088600000, 0x0000000088600000| Untracked 
| 135|0x0000000088700000, 0x0000000088700000, 0x0000000088800000|  0%| F|  |TAMS 0x0000000088700000, 0x0000000088700000| Untracked 
| 136|0x0000000088800000, 0x0000000088800000, 0x0000000088900000|  0%| F|  |TAMS 0x0000000088800000, 0x0000000088800000| Untracked 
| 137|0x0000000088900000, 0x0000000088900000, 0x0000000088a00000|  0%| F|  |TAMS 0x0000000088900000, 0x0000000088900000| Untracked 
| 138|0x0000000088a00000, 0x0000000088a00000, 0x0000000088b00000|  0%| F|  |TAMS 0x0000000088a00000, 0x0000000088a00000| Untracked 
| 139|0x0000000088b00000, 0x0000000088b00000, 0x0000000088c00000|  0%| F|  |TAMS 0x0000000088b00000, 0x0000000088b00000| Untracked 
| 140|0x0000000088c00000, 0x0000000088c00000, 0x0000000088d00000|  0%| F|  |TAMS 0x0000000088c00000, 0x0000000088c00000| Untracked 
| 141|0x0000000088d00000, 0x0000000088d00000, 0x0000000088e00000|  0%| F|  |TAMS 0x0000000088d00000, 0x0000000088d00000| Untracked 
| 142|0x0000000088e00000, 0x0000000088e00000, 0x0000000088f00000|  0%| F|  |TAMS 0x0000000088e00000, 0x0000000088e00000| Untracked 
| 143|0x0000000088f00000, 0x0000000088f00000, 0x0000000089000000|  0%| F|  |TAMS 0x0000000088f00000, 0x0000000088f00000| Untracked 
| 144|0x0000000089000000, 0x0000000089000000, 0x0000000089100000|  0%| F|  |TAMS 0x0000000089000000, 0x0000000089000000| Untracked 
| 145|0x0000000089100000, 0x0000000089100000, 0x0000000089200000|  0%| F|  |TAMS 0x0000000089100000, 0x0000000089100000| Untracked 
| 146|0x0000000089200000, 0x0000000089200000, 0x0000000089300000|  0%| F|  |TAMS 0x0000000089200000, 0x0000000089200000| Untracked 
| 147|0x0000000089300000, 0x0000000089300000, 0x0000000089400000|  0%| F|  |TAMS 0x0000000089300000, 0x0000000089300000| Untracked 
| 148|0x0000000089400000, 0x0000000089400000, 0x0000000089500000|  0%| F|  |TAMS 0x0000000089400000, 0x0000000089400000| Untracked 
| 149|0x0000000089500000, 0x0000000089500000, 0x0000000089600000|  0%| F|  |TAMS 0x0000000089500000, 0x0000000089500000| Untracked 
| 150|0x0000000089600000, 0x0000000089600000, 0x0000000089700000|  0%| F|  |TAMS 0x0000000089600000, 0x0000000089600000| Untracked 
| 151|0x0000000089700000, 0x0000000089700000, 0x0000000089800000|  0%| F|  |TAMS 0x0000000089700000, 0x0000000089700000| Untracked 
| 152|0x0000000089800000, 0x0000000089800000, 0x0000000089900000|  0%| F|  |TAMS 0x0000000089800000, 0x0000000089800000| Untracked 
| 153|0x0000000089900000, 0x0000000089900000, 0x0000000089a00000|  0%| F|  |TAMS 0x0000000089900000, 0x0000000089900000| Untracked 
| 154|0x0000000089a00000, 0x0000000089a00000, 0x0000000089b00000|  0%| F|  |TAMS 0x0000000089a00000, 0x0000000089a00000| Untracked 
| 155|0x0000000089b00000, 0x0000000089b00000, 0x0000000089c00000|  0%| F|  |TAMS 0x0000000089b00000, 0x0000000089b00000| Untracked 
| 156|0x0000000089c00000, 0x0000000089c00000, 0x0000000089d00000|  0%| F|  |TAMS 0x0000000089c00000, 0x0000000089c00000| Untracked 
| 157|0x0000000089d00000, 0x0000000089d00000, 0x0000000089e00000|  0%| F|  |TAMS 0x0000000089d00000, 0x0000000089d00000| Untracked 
| 158|0x0000000089e00000, 0x0000000089e00000, 0x0000000089f00000|  0%| F|  |TAMS 0x0000000089e00000, 0x0000000089e00000| Untracked 
| 159|0x0000000089f00000, 0x0000000089f00000, 0x000000008a000000|  0%| F|  |TAMS 0x0000000089f00000, 0x0000000089f00000| Untracked 
| 160|0x000000008a000000, 0x000000008a000000, 0x000000008a100000|  0%| F|  |TAMS 0x000000008a000000, 0x000000008a000000| Untracked 
| 161|0x000000008a100000, 0x000000008a100000, 0x000000008a200000|  0%| F|  |TAMS 0x000000008a100000, 0x000000008a100000| Untracked 
| 162|0x000000008a200000, 0x000000008a200000, 0x000000008a300000|  0%| F|  |TAMS 0x000000008a200000, 0x000000008a200000| Untracked 
| 163|0x000000008a300000, 0x000000008a300000, 0x000000008a400000|  0%| F|  |TAMS 0x000000008a300000, 0x000000008a300000| Untracked 
| 164|0x000000008a400000, 0x000000008a400000, 0x000000008a500000|  0%| F|  |TAMS 0x000000008a400000, 0x000000008a400000| Untracked 
| 165|0x000000008a500000, 0x000000008a500000, 0x000000008a600000|  0%| F|  |TAMS 0x000000008a500000, 0x000000008a500000| Untracked 
| 166|0x000000008a600000, 0x000000008a600000, 0x000000008a700000|  0%| F|  |TAMS 0x000000008a600000, 0x000000008a600000| Untracked 
| 167|0x000000008a700000, 0x000000008a700000, 0x000000008a800000|  0%| F|  |TAMS 0x000000008a700000, 0x000000008a700000| Untracked 
| 168|0x000000008a800000, 0x000000008a800000, 0x000000008a900000|  0%| F|  |TAMS 0x000000008a800000, 0x000000008a800000| Untracked 
| 169|0x000000008a900000, 0x000000008a900000, 0x000000008aa00000|  0%| F|  |TAMS 0x000000008a900000, 0x000000008a900000| Untracked 
| 170|0x000000008aa00000, 0x000000008aa00000, 0x000000008ab00000|  0%| F|  |TAMS 0x000000008aa00000, 0x000000008aa00000| Untracked 
| 171|0x000000008ab00000, 0x000000008ab00000, 0x000000008ac00000|  0%| F|  |TAMS 0x000000008ab00000, 0x000000008ab00000| Untracked 
| 172|0x000000008ac00000, 0x000000008ac00000, 0x000000008ad00000|  0%| F|  |TAMS 0x000000008ac00000, 0x000000008ac00000| Untracked 
| 173|0x000000008ad00000, 0x000000008ad00000, 0x000000008ae00000|  0%| F|  |TAMS 0x000000008ad00000, 0x000000008ad00000| Untracked 
| 174|0x000000008ae00000, 0x000000008ae00000, 0x000000008af00000|  0%| F|  |TAMS 0x000000008ae00000, 0x000000008ae00000| Untracked 
| 175|0x000000008af00000, 0x000000008af00800, 0x000000008b000000|  0%| E|  |TAMS 0x000000008af00000, 0x000000008af00000| Complete 
| 176|0x000000008b000000, 0x000000008b100000, 0x000000008b100000|100%| E|CS|TAMS 0x000000008b000000, 0x000000008b000000| Complete 
| 177|0x000000008b100000, 0x000000008b200000, 0x000000008b200000|100%| E|CS|TAMS 0x000000008b100000, 0x000000008b100000| Complete 
| 178|0x000000008b200000, 0x000000008b300000, 0x000000008b300000|100%| E|CS|TAMS 0x000000008b200000, 0x000000008b200000| Complete 
| 179|0x000000008b300000, 0x000000008b400000, 0x000000008b400000|100%| E|CS|TAMS 0x000000008b300000, 0x000000008b300000| Complete 
| 180|0x000000008b400000, 0x000000008b500000, 0x000000008b500000|100%| E|CS|TAMS 0x000000008b400000, 0x000000008b400000| Complete 
| 181|0x000000008b500000, 0x000000008b600000, 0x000000008b600000|100%| E|CS|TAMS 0x000000008b500000, 0x000000008b500000| Complete 
| 182|0x000000008b600000, 0x000000008b700000, 0x000000008b700000|100%| E|CS|TAMS 0x000000008b600000, 0x000000008b600000| Complete 
| 183|0x000000008b700000, 0x000000008b800000, 0x000000008b800000|100%| E|CS|TAMS 0x000000008b700000, 0x000000008b700000| Complete 
| 184|0x000000008b800000, 0x000000008b900000, 0x000000008b900000|100%| E|CS|TAMS 0x000000008b800000, 0x000000008b800000| Complete 
| 185|0x000000008b900000, 0x000000008ba00000, 0x000000008ba00000|100%| E|CS|TAMS 0x000000008b900000, 0x000000008b900000| Complete 
| 186|0x000000008ba00000, 0x000000008bb00000, 0x000000008bb00000|100%| E|CS|TAMS 0x000000008ba00000, 0x000000008ba00000| Complete 
| 187|0x000000008bb00000, 0x000000008bc00000, 0x000000008bc00000|100%| E|CS|TAMS 0x000000008bb00000, 0x000000008bb00000| Complete 
| 188|0x000000008bc00000, 0x000000008bd00000, 0x000000008bd00000|100%| E|CS|TAMS 0x000000008bc00000, 0x000000008bc00000| Complete 
| 189|0x000000008bd00000, 0x000000008be00000, 0x000000008be00000|100%| E|CS|TAMS 0x000000008bd00000, 0x000000008bd00000| Complete 
| 190|0x000000008be00000, 0x000000008bf00000, 0x000000008bf00000|100%| E|CS|TAMS 0x000000008be00000, 0x000000008be00000| Complete 
| 191|0x000000008bf00000, 0x000000008bfffe78, 0x000000008c000000| 99%| E|  |TAMS 0x000000008bf00000, 0x000000008bf00000| Complete 
| 192|0x000000008c000000, 0x000000008c100000, 0x000000008c100000|100%| E|CS|TAMS 0x000000008c000000, 0x000000008c000000| Complete 
| 193|0x000000008c100000, 0x000000008c200000, 0x000000008c200000|100%| E|CS|TAMS 0x000000008c100000, 0x000000008c100000| Complete 
| 194|0x000000008c200000, 0x000000008c300000, 0x000000008c300000|100%| E|CS|TAMS 0x000000008c200000, 0x000000008c200000| Complete 
| 195|0x000000008c300000, 0x000000008c400000, 0x000000008c400000|100%| E|CS|TAMS 0x000000008c300000, 0x000000008c300000| Complete 
| 196|0x000000008c400000, 0x000000008c500000, 0x000000008c500000|100%| E|CS|TAMS 0x000000008c400000, 0x000000008c400000| Complete 
| 197|0x000000008c500000, 0x000000008c600000, 0x000000008c600000|100%| E|CS|TAMS 0x000000008c500000, 0x000000008c500000| Complete 
| 198|0x000000008c600000, 0x000000008c700000, 0x000000008c700000|100%| E|CS|TAMS 0x000000008c600000, 0x000000008c600000| Complete 
| 199|0x000000008c700000, 0x000000008c800000, 0x000000008c800000|100%| E|CS|TAMS 0x000000008c700000, 0x000000008c700000| Complete 
| 200|0x000000008c800000, 0x000000008c900000, 0x000000008c900000|100%| E|CS|TAMS 0x000000008c800000, 0x000000008c800000| Complete 
| 201|0x000000008c900000, 0x000000008ca00000, 0x000000008ca00000|100%| E|CS|TAMS 0x000000008c900000, 0x000000008c900000| Complete 
| 202|0x000000008ca00000, 0x000000008cb00000, 0x000000008cb00000|100%| E|CS|TAMS 0x000000008ca00000, 0x000000008ca00000| Complete 
| 203|0x000000008cb00000, 0x000000008cc00000, 0x000000008cc00000|100%| E|CS|TAMS 0x000000008cb00000, 0x000000008cb00000| Complete 
| 204|0x000000008cc00000, 0x000000008cd00000, 0x000000008cd00000|100%| E|CS|TAMS 0x000000008cc00000, 0x000000008cc00000| Complete 
| 205|0x000000008cd00000, 0x000000008ce00000, 0x000000008ce00000|100%| E|CS|TAMS 0x000000008cd00000, 0x000000008cd00000| Complete 
| 206|0x000000008ce00000, 0x000000008cf00000, 0x000000008cf00000|100%| E|CS|TAMS 0x000000008ce00000, 0x000000008ce00000| Complete 
| 207|0x000000008cf00000, 0x000000008d000000, 0x000000008d000000|100%| E|CS|TAMS 0x000000008cf00000, 0x000000008cf00000| Complete 
| 208|0x000000008d000000, 0x000000008d100000, 0x000000008d100000|100%| E|CS|TAMS 0x000000008d000000, 0x000000008d000000| Complete 
| 209|0x000000008d100000, 0x000000008d200000, 0x000000008d200000|100%| E|CS|TAMS 0x000000008d100000, 0x000000008d100000| Complete 
| 210|0x000000008d200000, 0x000000008d300000, 0x000000008d300000|100%| E|CS|TAMS 0x000000008d200000, 0x000000008d200000| Complete 
| 211|0x000000008d300000, 0x000000008d400000, 0x000000008d400000|100%| E|CS|TAMS 0x000000008d300000, 0x000000008d300000| Complete 
| 212|0x000000008d400000, 0x000000008d500000, 0x000000008d500000|100%| E|CS|TAMS 0x000000008d400000, 0x000000008d400000| Complete 
| 213|0x000000008d500000, 0x000000008d600000, 0x000000008d600000|100%| E|CS|TAMS 0x000000008d500000, 0x000000008d500000| Complete 
| 214|0x000000008d600000, 0x000000008d700000, 0x000000008d700000|100%| E|CS|TAMS 0x000000008d600000, 0x000000008d600000| Complete 
| 215|0x000000008d700000, 0x000000008d800000, 0x000000008d800000|100%| E|CS|TAMS 0x000000008d700000, 0x000000008d700000| Complete 
| 216|0x000000008d800000, 0x000000008d900000, 0x000000008d900000|100%| E|CS|TAMS 0x000000008d800000, 0x000000008d800000| Complete 
| 217|0x000000008d900000, 0x000000008da00000, 0x000000008da00000|100%| E|CS|TAMS 0x000000008d900000, 0x000000008d900000| Complete 
| 218|0x000000008da00000, 0x000000008db00000, 0x000000008db00000|100%| E|CS|TAMS 0x000000008da00000, 0x000000008da00000| Complete 
| 219|0x000000008db00000, 0x000000008dc00000, 0x000000008dc00000|100%| E|CS|TAMS 0x000000008db00000, 0x000000008db00000| Complete 
| 220|0x000000008dc00000, 0x000000008dd00000, 0x000000008dd00000|100%| E|CS|TAMS 0x000000008dc00000, 0x000000008dc00000| Complete 
| 221|0x000000008dd00000, 0x000000008de00000, 0x000000008de00000|100%| E|CS|TAMS 0x000000008dd00000, 0x000000008dd00000| Complete 
| 222|0x000000008de00000, 0x000000008df00000, 0x000000008df00000|100%| E|CS|TAMS 0x000000008de00000, 0x000000008de00000| Complete 
| 223|0x000000008df00000, 0x000000008e000000, 0x000000008e000000|100%| E|CS|TAMS 0x000000008df00000, 0x000000008df00000| Complete 
| 224|0x000000008e000000, 0x000000008e100000, 0x000000008e100000|100%| E|CS|TAMS 0x000000008e000000, 0x000000008e000000| Complete 
| 225|0x000000008e100000, 0x000000008e200000, 0x000000008e200000|100%| E|CS|TAMS 0x000000008e100000, 0x000000008e100000| Complete 
| 226|0x000000008e200000, 0x000000008e300000, 0x000000008e300000|100%| E|CS|TAMS 0x000000008e200000, 0x000000008e200000| Complete 
| 227|0x000000008e300000, 0x000000008e400000, 0x000000008e400000|100%| E|CS|TAMS 0x000000008e300000, 0x000000008e300000| Complete 
| 228|0x000000008e400000, 0x000000008e500000, 0x000000008e500000|100%| E|CS|TAMS 0x000000008e400000, 0x000000008e400000| Complete 
| 229|0x000000008e500000, 0x000000008e600000, 0x000000008e600000|100%| E|CS|TAMS 0x000000008e500000, 0x000000008e500000| Complete 
| 230|0x000000008e600000, 0x000000008e700000, 0x000000008e700000|100%| E|CS|TAMS 0x000000008e600000, 0x000000008e600000| Complete 
| 231|0x000000008e700000, 0x000000008e800000, 0x000000008e800000|100%| E|CS|TAMS 0x000000008e700000, 0x000000008e700000| Complete 
| 232|0x000000008e800000, 0x000000008e900000, 0x000000008e900000|100%| E|CS|TAMS 0x000000008e800000, 0x000000008e800000| Complete 
| 233|0x000000008e900000, 0x000000008ea00000, 0x000000008ea00000|100%| E|CS|TAMS 0x000000008e900000, 0x000000008e900000| Complete 
| 234|0x000000008ea00000, 0x000000008eb00000, 0x000000008eb00000|100%| E|CS|TAMS 0x000000008ea00000, 0x000000008ea00000| Complete 
| 235|0x000000008eb00000, 0x000000008ec00000, 0x000000008ec00000|100%| E|CS|TAMS 0x000000008eb00000, 0x000000008eb00000| Complete 
| 236|0x000000008ec00000, 0x000000008ed00000, 0x000000008ed00000|100%| E|CS|TAMS 0x000000008ec00000, 0x000000008ec00000| Complete 
| 237|0x000000008ed00000, 0x000000008ee00000, 0x000000008ee00000|100%| E|CS|TAMS 0x000000008ed00000, 0x000000008ed00000| Complete 
| 238|0x000000008ee00000, 0x000000008ef00000, 0x000000008ef00000|100%| E|CS|TAMS 0x000000008ee00000, 0x000000008ee00000| Complete 
| 239|0x000000008ef00000, 0x000000008f000000, 0x000000008f000000|100%| E|CS|TAMS 0x000000008ef00000, 0x000000008ef00000| Complete 
| 240|0x000000008f000000, 0x000000008f100000, 0x000000008f100000|100%| E|CS|TAMS 0x000000008f000000, 0x000000008f000000| Complete 
| 241|0x000000008f100000, 0x000000008f200000, 0x000000008f200000|100%| E|CS|TAMS 0x000000008f100000, 0x000000008f100000| Complete 
| 242|0x000000008f200000, 0x000000008f300000, 0x000000008f300000|100%| E|CS|TAMS 0x000000008f200000, 0x000000008f200000| Complete 
| 243|0x000000008f300000, 0x000000008f400000, 0x000000008f400000|100%| E|CS|TAMS 0x000000008f300000, 0x000000008f300000| Complete 
| 244|0x000000008f400000, 0x000000008f500000, 0x000000008f500000|100%| E|CS|TAMS 0x000000008f400000, 0x000000008f400000| Complete 
| 245|0x000000008f500000, 0x000000008f600000, 0x000000008f600000|100%| E|CS|TAMS 0x000000008f500000, 0x000000008f500000| Complete 
| 246|0x000000008f600000, 0x000000008f700000, 0x000000008f700000|100%| E|CS|TAMS 0x000000008f600000, 0x000000008f600000| Complete 
| 247|0x000000008f700000, 0x000000008f800000, 0x000000008f800000|100%| E|CS|TAMS 0x000000008f700000, 0x000000008f700000| Complete 
| 248|0x000000008f800000, 0x000000008f900000, 0x000000008f900000|100%| E|CS|TAMS 0x000000008f800000, 0x000000008f800000| Complete 
| 249|0x000000008f900000, 0x000000008fa00000, 0x000000008fa00000|100%| E|CS|TAMS 0x000000008f900000, 0x000000008f900000| Complete 
| 250|0x000000008fa00000, 0x000000008fb00000, 0x000000008fb00000|100%| E|CS|TAMS 0x000000008fa00000, 0x000000008fa00000| Complete 
| 251|0x000000008fb00000, 0x000000008fc00000, 0x000000008fc00000|100%| E|CS|TAMS 0x000000008fb00000, 0x000000008fb00000| Complete 
| 252|0x000000008fc00000, 0x000000008fd00000, 0x000000008fd00000|100%| E|CS|TAMS 0x000000008fc00000, 0x000000008fc00000| Complete 
| 253|0x000000008fd00000, 0x000000008fe00000, 0x000000008fe00000|100%| E|CS|TAMS 0x000000008fd00000, 0x000000008fd00000| Complete 

Card table byte_map: [0x00000201f1070000,0x00000201f1470000] _byte_map_base: 0x00000201f0c70000

Marking Bits (Prev, Next): (CMBitMap*) 0x00000201de0ad418, (CMBitMap*) 0x00000201de0ad450
 Prev Bits: [0x00000201f1870000, 0x00000201f3870000)
 Next Bits: [0x00000201f3870000, 0x00000201f5870000)

Polling page: 0x00000201dc1d0000

Metaspace:

Usage:
  Non-class:     69.62 MB capacity,    68.29 MB ( 98%) used,     1.10 MB (  2%) free+waste,   239.00 KB ( <1%) overhead. 
      Class:     11.05 MB capacity,    10.25 MB ( 93%) used,   716.96 KB (  6%) free+waste,   109.00 KB ( <1%) overhead. 
       Both:     80.67 MB capacity,    78.53 MB ( 97%) used,     1.80 MB (  2%) free+waste,   348.00 KB ( <1%) overhead. 

Virtual space:
  Non-class space:       70.00 MB reserved,      69.75 MB (>99%) committed 
      Class space:        1.00 GB reserved,      11.07 MB (  1%) committed 
             Both:        1.07 GB reserved,      80.82 MB (  7%) committed 

Chunk freelists:
   Non-Class:  5.00 KB
       Class:  9.00 KB
        Both:  14.00 KB

MaxMetaspaceSize: 17179869184.00 GB
CompressedClassSpaceSize: 1.00 GB

CodeHeap 'non-profiled nmethods': size=120064Kb used=4900Kb max_used=4900Kb free=115163Kb
 bounds [0x00000201e9620000, 0x00000201e9af0000, 0x00000201f0b60000]
CodeHeap 'profiled nmethods': size=120000Kb used=19250Kb max_used=19250Kb free=100749Kb
 bounds [0x00000201e20f0000, 0x00000201e33c0000, 0x00000201e9620000]
CodeHeap 'non-nmethods': size=5696Kb used=2273Kb max_used=2321Kb free=3422Kb
 bounds [0x00000201e1b60000, 0x00000201e1dd0000, 0x00000201e20f0000]
 total_blobs=10290 nmethods=9419 adapters=782
 compilation: enabled
              stopped_count=0, restarted_count=0
 full_count=0

Compilation events (20 events):
Event: 7.087 Thread 0x00000201f8992000 nmethod 9411 0x00000201e33a9690 code [0x00000201e33a9900, 0x00000201e33aa348]
Event: 7.089 Thread 0x00000201f8990800 nmethod 9367 0x00000201e9ade090 code [0x00000201e9ade2e0, 0x00000201e9adf250]
Event: 7.089 Thread 0x00000201f8990800 9366       4       java.lang.ClassLoader::preDefineClass (116 bytes)
Event: 7.089 Thread 0x00000201f8992000 9412       3       com.google.common.collect.AbstractMultiset::add (9 bytes)
Event: 7.089 Thread 0x00000201f8992000 nmethod 9412 0x00000201e33aa710 code [0x00000201e33aa8c0, 0x00000201e33aaa88]
Event: 7.089 Thread 0x00000201f8992000 9413       3       com.google.common.base.Preconditions::checkArgument (28 bytes)
Event: 7.090 Thread 0x00000201f8992000 nmethod 9413 0x00000201e33aab10 code [0x00000201e33aad00, 0x00000201e33ab148]
Event: 7.090 Thread 0x00000201f8992000 9418       3       com.google.common.collect.EnumMultiset::add (102 bytes)
Event: 7.090 Thread 0x00000201f8992000 nmethod 9418 0x00000201e33ab310 code [0x00000201e33ab560, 0x00000201e33abdf8]
Event: 7.090 Thread 0x00000201f8992000 9415       3       org.gradle.internal.watch.vfs.impl.DefaultFileSystemWatchingStatistics$$Lambda$1012/0x0000000100b05040::visitEntry (9 bytes)
Event: 7.090 Thread 0x00000201f8992000 nmethod 9415 0x00000201e33ac210 code [0x00000201e33ac400, 0x00000201e33ac738]
Event: 7.090 Thread 0x00000201f8992000 9416       3       org.gradle.internal.watch.vfs.impl.DefaultFileSystemWatchingStatistics::lambda$getStatistics$0 (15 bytes)
Event: 7.090 Thread 0x00000201f8992000 nmethod 9416 0x00000201e33ac910 code [0x00000201e33acae0, 0x00000201e33acd98]
Event: 7.090 Thread 0x00000201f8992000 9417       3       com.google.common.collect.EnumMultiset::add (10 bytes)
Event: 7.090 Thread 0x00000201f8992000 nmethod 9417 0x00000201e33acf10 code [0x00000201e33ad0e0, 0x00000201e33ad308]
Event: 7.090 Thread 0x00000201f8992000 9414       3       org.gradle.internal.watch.vfs.impl.DefaultFileSystemWatchingStatistics$$Lambda$1011/0x0000000100b05c40::visitSnapshotRoot (9 bytes)
Event: 7.090 Thread 0x00000201f8992000 nmethod 9414 0x00000201e33ad410 code [0x00000201e33ad620, 0x00000201e33adc28]
Event: 7.091 Thread 0x00000201f8992000 9419       3       com.google.common.collect.EnumMultiset::checkIsE (53 bytes)
Event: 7.091 Thread 0x00000201f8992000 nmethod 9419 0x00000201e33ade90 code [0x00000201e33ae1a0, 0x00000201e33af038]
Event: 7.091 Thread 0x00000201f8992000 9420       3       com.google.common.collect.EnumMultiset::isActuallyE (44 bytes)

GC Heap History (18 events):
Event: 0.399 GC heap before
{Heap before GC invocations=0 (full 0):
 garbage-first heap   total 260096K, used 28672K [0x0000000080000000, 0x0000000100000000)
  region size 1024K, 22 young (22528K), 0 survivors (0K)
 Metaspace       used 9953K, capacity 10195K, committed 10368K, reserved 1058816K
  class space    used 1034K, capacity 1106K, committed 1152K, reserved 1048576K
}
Event: 0.404 GC heap after
{Heap after GC invocations=1 (full 0):
 garbage-first heap   total 260096K, used 9002K [0x0000000080000000, 0x0000000100000000)
  region size 1024K, 3 young (3072K), 3 survivors (3072K)
 Metaspace       used 9953K, capacity 10195K, committed 10368K, reserved 1058816K
  class space    used 1034K, capacity 1106K, committed 1152K, reserved 1048576K
}
Event: 1.404 GC heap before
{Heap before GC invocations=1 (full 0):
 garbage-first heap   total 260096K, used 108330K [0x0000000080000000, 0x0000000100000000)
  region size 1024K, 100 young (102400K), 3 survivors (3072K)
 Metaspace       used 20535K, capacity 21088K, committed 21248K, reserved 1067008K
  class space    used 2509K, capacity 2690K, committed 2816K, reserved 1048576K
}
Event: 1.410 GC heap after
{Heap after GC invocations=2 (full 0):
 garbage-first heap   total 260096K, used 16868K [0x0000000080000000, 0x0000000100000000)
  region size 1024K, 11 young (11264K), 11 survivors (11264K)
 Metaspace       used 20535K, capacity 21088K, committed 21248K, reserved 1067008K
  class space    used 2509K, capacity 2690K, committed 2816K, reserved 1048576K
}
Event: 1.716 GC heap before
{Heap before GC invocations=3 (full 0):
 garbage-first heap   total 260096K, used 53732K [0x0000000080000000, 0x0000000100000000)
  region size 1024K, 47 young (48128K), 11 survivors (11264K)
 Metaspace       used 24138K, capacity 24822K, committed 24832K, reserved 1071104K
  class space    used 3108K, capacity 3321K, committed 3328K, reserved 1048576K
}
Event: 1.722 GC heap after
{Heap after GC invocations=4 (full 0):
 garbage-first heap   total 260096K, used 17584K [0x0000000080000000, 0x0000000100000000)
  region size 1024K, 2 young (2048K), 2 survivors (2048K)
 Metaspace       used 24138K, capacity 24822K, committed 24832K, reserved 1071104K
  class space    used 3108K, capacity 3321K, committed 3328K, reserved 1048576K
}
Event: 2.363 GC heap before
{Heap before GC invocations=4 (full 0):
 garbage-first heap   total 260096K, used 91312K [0x0000000080000000, 0x0000000100000000)
  region size 1024K, 76 young (77824K), 2 survivors (2048K)
 Metaspace       used 35052K, capacity 35822K, committed 35840K, reserved 1081344K
  class space    used 4546K, capacity 4864K, committed 4864K, reserved 1048576K
}
Event: 2.369 GC heap after
{Heap after GC invocations=5 (full 0):
 garbage-first heap   total 260096K, used 21615K [0x0000000080000000, 0x0000000100000000)
  region size 1024K, 6 young (6144K), 6 survivors (6144K)
 Metaspace       used 35052K, capacity 35822K, committed 35840K, reserved 1081344K
  class space    used 4546K, capacity 4864K, committed 4864K, reserved 1048576K
}
Event: 3.002 GC heap before
{Heap before GC invocations=6 (full 0):
 garbage-first heap   total 260096K, used 129135K [0x0000000080000000, 0x0000000100000000)
  region size 1024K, 108 young (110592K), 6 survivors (6144K)
 Metaspace       used 43547K, capacity 44558K, committed 44620K, reserved 1087488K
  class space    used 5566K, capacity 5931K, committed 5964K, reserved 1048576K
}
Event: 3.010 GC heap after
{Heap after GC invocations=7 (full 0):
 garbage-first heap   total 260096K, used 27853K [0x0000000080000000, 0x0000000100000000)
  region size 1024K, 12 young (12288K), 12 survivors (12288K)
 Metaspace       used 43547K, capacity 44558K, committed 44620K, reserved 1087488K
  class space    used 5566K, capacity 5931K, committed 5964K, reserved 1048576K
}
Event: 4.023 GC heap before
{Heap before GC invocations=7 (full 0):
 garbage-first heap   total 260096K, used 174285K [0x0000000080000000, 0x0000000100000000)
  region size 1024K, 152 young (155648K), 12 survivors (12288K)
 Metaspace       used 57570K, capacity 59071K, committed 59084K, reserved 1099776K
  class space    used 7329K, capacity 7873K, committed 7884K, reserved 1048576K
}
Event: 4.032 GC heap after
{Heap after GC invocations=8 (full 0):
 garbage-first heap   total 260096K, used 42337K [0x0000000080000000, 0x0000000100000000)
  region size 1024K, 17 young (17408K), 17 survivors (17408K)
 Metaspace       used 57570K, capacity 59071K, committed 59084K, reserved 1099776K
  class space    used 7329K, capacity 7873K, committed 7884K, reserved 1048576K
}
Event: 4.075 GC heap before
{Heap before GC invocations=8 (full 0):
 garbage-first heap   total 260096K, used 47457K [0x0000000080000000, 0x0000000100000000)
  region size 1024K, 23 young (23552K), 17 survivors (17408K)
 Metaspace       used 58559K, capacity 60111K, committed 60236K, reserved 1101824K
  class space    used 7443K, capacity 7985K, committed 8012K, reserved 1048576K
}
Event: 4.085 GC heap after
{Heap after GC invocations=9 (full 0):
 garbage-first heap   total 260096K, used 43878K [0x0000000080000000, 0x0000000100000000)
  region size 1024K, 2 young (2048K), 2 survivors (2048K)
 Metaspace       used 58559K, capacity 60111K, committed 60236K, reserved 1101824K
  class space    used 7443K, capacity 7985K, committed 8012K, reserved 1048576K
}
Event: 4.933 GC heap before
{Heap before GC invocations=10 (full 0):
 garbage-first heap   total 260096K, used 178022K [0x0000000080000000, 0x0000000100000000)
  region size 1024K, 133 young (136192K), 2 survivors (2048K)
 Metaspace       used 69847K, capacity 71530K, committed 71756K, reserved 1112064K
  class space    used 9086K, capacity 9716K, committed 9804K, reserved 1048576K
}
Event: 4.944 GC heap after
{Heap after GC invocations=11 (full 0):
 garbage-first heap   total 260096K, used 52959K [0x0000000080000000, 0x0000000100000000)
  region size 1024K, 11 young (11264K), 11 survivors (11264K)
 Metaspace       used 69847K, capacity 71530K, committed 71756K, reserved 1112064K
  class space    used 9086K, capacity 9716K, committed 9804K, reserved 1048576K
}
Event: 6.125 GC heap before
{Heap before GC invocations=12 (full 0):
 garbage-first heap   total 260096K, used 185055K [0x0000000080000000, 0x0000000100000000)
  region size 1024K, 140 young (143360K), 11 survivors (11264K)
 Metaspace       used 78825K, capacity 80940K, committed 81100K, reserved 1120256K
  class space    used 10345K, capacity 11099K, committed 11212K, reserved 1048576K
}
Event: 6.135 GC heap after
{Heap after GC invocations=13 (full 0):
 garbage-first heap   total 260096K, used 61668K [0x0000000080000000, 0x0000000100000000)
  region size 1024K, 10 young (10240K), 10 survivors (10240K)
 Metaspace       used 78825K, capacity 80940K, committed 81100K, reserved 1120256K
  class space    used 10345K, capacity 11099K, committed 11212K, reserved 1048576K
}

Deoptimization events (20 events):
Event: 6.988 Thread 0x00000201fa94c800 Uncommon trap: trap_request=0xffffff4d fr.pc=0x00000201e9ad24ac relative=0x00000000000006ac
Event: 6.988 Thread 0x00000201fa94c800 Uncommon trap: reason=unstable_if action=reinterpret pc=0x00000201e9ad24ac method=com.esotericsoftware.kryo.io.Output.writeBytes([BII)V @ 61 c2
Event: 6.988 Thread 0x00000201fa94c800 DEOPT PACKING pc=0x00000201e9ad24ac sp=0x00000085e43fd340
Event: 6.988 Thread 0x00000201fa94c800 DEOPT UNPACKING pc=0x00000201e1b878af sp=0x00000085e43fd1c8 mode 2
Event: 7.030 Thread 0x00000201fad0d800 Uncommon trap: trap_request=0xffffffc6 fr.pc=0x00000201e9a39f64 relative=0x00000000000008a4
Event: 7.030 Thread 0x00000201fad0d800 Uncommon trap: reason=bimorphic_or_optimized_type_check action=maybe_recompile pc=0x00000201e9a39f64 method=java.util.stream.ReferencePipeline.forEachWithCancel(Ljava/util/Spliterator;Ljava/util/stream/Sink;)Z @ 1 c2
Event: 7.030 Thread 0x00000201fad0d800 DEOPT PACKING pc=0x00000201e9a39f64 sp=0x00000085e40fb5f0
Event: 7.030 Thread 0x00000201fad0d800 DEOPT UNPACKING pc=0x00000201e1b878af sp=0x00000085e40fb4b0 mode 2
Event: 7.042 Thread 0x00000201fad0d800 Uncommon trap: trap_request=0xffffff4d fr.pc=0x00000201e96ebd94 relative=0x00000000000003d4
Event: 7.042 Thread 0x00000201fad0d800 Uncommon trap: reason=unstable_if action=reinterpret pc=0x00000201e96ebd94 method=sun.nio.cs.UTF_8$Encoder.encodeArrayLoop(Ljava/nio/CharBuffer;Ljava/nio/ByteBuffer;)Ljava/nio/charset/CoderResult; @ 113 c2
Event: 7.042 Thread 0x00000201fad0d800 DEOPT PACKING pc=0x00000201e96ebd94 sp=0x00000085e40fb380
Event: 7.042 Thread 0x00000201fad0d800 DEOPT UNPACKING pc=0x00000201e1b878af sp=0x00000085e40fb2e8 mode 2
Event: 7.086 Thread 0x00000201fad0d800 Uncommon trap: trap_request=0xffffff4d fr.pc=0x00000201e9ac00bc relative=0x00000000000002dc
Event: 7.086 Thread 0x00000201fad0d800 Uncommon trap: reason=unstable_if action=reinterpret pc=0x00000201e9ac00bc method=org.gradle.internal.snapshot.VfsRelativePath.normalizeRoot(Ljava/lang/String;)Ljava/lang/String; @ 24 c2
Event: 7.086 Thread 0x00000201fad0d800 DEOPT PACKING pc=0x00000201e9ac00bc sp=0x00000085e40fc090
Event: 7.086 Thread 0x00000201fad0d800 DEOPT UNPACKING pc=0x00000201e1b878af sp=0x00000085e40fbfe8 mode 2
Event: 7.087 Thread 0x00000201fad0d800 Uncommon trap: trap_request=0xffffff4d fr.pc=0x00000201e9a373a0 relative=0x0000000000000800
Event: 7.087 Thread 0x00000201fad0d800 Uncommon trap: reason=unstable_if action=reinterpret pc=0x00000201e9a373a0 method=org.gradle.internal.snapshot.VfsRelativePath.compareToFirstSegment(Ljava/lang/String;Lorg/gradle/internal/snapshot/CaseSensitivity;)I @ 156 c2
Event: 7.087 Thread 0x00000201fad0d800 DEOPT PACKING pc=0x00000201e9a373a0 sp=0x00000085e40fbe50
Event: 7.087 Thread 0x00000201fad0d800 DEOPT UNPACKING pc=0x00000201e1b878af sp=0x00000085e40fbdd0 mode 2

Classes redefined (0 events):
No events

Internal exceptions (20 events):
Event: 5.467 Thread 0x00000201fa94c800 Exception <a 'java/lang/NoSuchMethodError'{0x000000008bd4bb28}: <clinit>> (0x000000008bd4bb28) thrown at [./src/hotspot/share/prims/jni.cpp, line 1362]
Event: 5.491 Thread 0x00000201fc6af000 Exception <a 'java/lang/NoSuchMethodError'{0x000000008bc08228}: 'java.lang.Object java.lang.invoke.Invokers$Holder.linkToTargetMethod(java.lang.Object, java.lang.Object, java.lang.Object, int, java.lang.Object, java.lang.Object)'> (0x000000008bc08228) thrown at [./src/hotspot/share/interpreter/linkResolver.cpp, line 773]
Event: 5.516 Thread 0x00000201fc6af000 Exception <a 'java/lang/IncompatibleClassChangeError'{0x000000008bc676a0}: Found class java.lang.Object, but interface was expected> (0x000000008bc676a0) thrown at [./src/hotspot/share/interpreter/linkResolver.cpp, line 839]
Event: 5.526 Thread 0x00000201fc6af000 Exception <a 'java/lang/NoSuchMethodError'{0x000000008ba56c78}: 'int java.lang.invoke.DirectMethodHandle$Holder.invokeStaticInit(java.lang.Object, java.lang.Object, java.lang.Object, java.lang.Object, java.lang.Object)'> (0x000000008ba56c78) thrown at [./src/hotspot/share/interpreter/linkResolver.cpp, line 773]
Event: 5.617 Thread 0x00000201fc547800 Exception <a 'java/lang/NoSuchMethodError'{0x000000008afe7390}: 'java.lang.Object java.lang.invoke.DirectMethodHandle$Holder.invokeSpecialIFC(java.lang.Object, java.lang.Object, java.lang.Object)'> (0x000000008afe7390) thrown at [./src/hotspot/share/interpreter/linkResolver.cpp, line 773]
Event: 5.617 Thread 0x00000201fc54e000 Exception <a 'java/lang/NoSuchMethodError'{0x000000008ae525e8}: 'java.lang.Object java.lang.invoke.DirectMethodHandle$Holder.invokeSpecialIFC(java.lang.Object, java.lang.Object, java.lang.Object)'> (0x000000008ae525e8) thrown at [./src/hotspot/share/interpreter/linkResolver.cpp, line 773]
Event: 5.617 Thread 0x00000201fc6aa000 Exception <a 'java/lang/NoSuchMethodError'{0x000000008ae33360}: 'java.lang.Object java.lang.invoke.DirectMethodHandle$Holder.invokeSpecialIFC(java.lang.Object, java.lang.Object, java.lang.Object)'> (0x000000008ae33360) thrown at [./src/hotspot/share/interpreter/linkResolver.cpp, line 773]
Event: 5.617 Thread 0x00000201fc6af000 Exception <a 'java/lang/NoSuchMethodError'{0x000000008af4ae78}: 'java.lang.Object java.lang.invoke.DirectMethodHandle$Holder.invokeSpecialIFC(java.lang.Object, java.lang.Object, java.lang.Object)'> (0x000000008af4ae78) thrown at [./src/hotspot/share/interpreter/linkResolver.cpp, line 773]
Event: 5.617 Thread 0x00000201fc548800 Exception <a 'java/lang/NoSuchMethodError'{0x000000008ae0c930}: 'java.lang.Object java.lang.invoke.DirectMethodHandle$Holder.invokeSpecialIFC(java.lang.Object, java.lang.Object, java.lang.Object)'> (0x000000008ae0c930) thrown at [./src/hotspot/share/interpreter/linkResolver.cpp, line 773]
Event: 5.617 Thread 0x00000201fc54f000 Exception <a 'java/lang/NoSuchMethodError'{0x000000008afcf568}: 'java.lang.Object java.lang.invoke.DirectMethodHandle$Holder.invokeSpecialIFC(java.lang.Object, java.lang.Object, java.lang.Object)'> (0x000000008afcf568) thrown at [./src/hotspot/share/interpreter/linkResolver.cpp, line 773]
Event: 5.703 Thread 0x00000201fc6af000 Exception <a 'java/lang/NoSuchMethodError'{0x0000000089badaf0}: 'void java.lang.invoke.DirectMethodHandle$Holder.invokeVirtual(java.lang.Object, java.lang.Object)'> (0x0000000089badaf0) thrown at [./src/hotspot/share/interpreter/linkResolver.cpp, line 773]
Event: 5.703 Thread 0x00000201fc54e000 Exception <a 'java/lang/NoSuchMethodError'{0x000000008991d690}: 'void java.lang.invoke.DirectMethodHandle$Holder.invokeVirtual(java.lang.Object, java.lang.Object)'> (0x000000008991d690) thrown at [./src/hotspot/share/interpreter/linkResolver.cpp, line 773]
Event: 5.703 Thread 0x00000201fc547800 Exception <a 'java/lang/NoSuchMethodError'{0x000000008995a180}: 'void java.lang.invoke.DirectMethodHandle$Holder.invokeVirtual(java.lang.Object, java.lang.Object)'> (0x000000008995a180) thrown at [./src/hotspot/share/interpreter/linkResolver.cpp, line 773]
Event: 6.245 Thread 0x00000201fad0d800 Exception <a 'java/lang/NoSuchMethodError'{0x000000008e881ae0}: <clinit>> (0x000000008e881ae0) thrown at [./src/hotspot/share/prims/jni.cpp, line 1362]
Event: 6.245 Thread 0x00000201fad0d800 Exception <a 'java/lang/NoSuchMethodError'{0x000000008e8838b8}: <clinit>> (0x000000008e8838b8) thrown at [./src/hotspot/share/prims/jni.cpp, line 1362]
Event: 6.245 Thread 0x00000201fad0d800 Exception <a 'java/lang/NoSuchMethodError'{0x000000008e886810}: <clinit>> (0x000000008e886810) thrown at [./src/hotspot/share/prims/jni.cpp, line 1362]
Event: 6.246 Thread 0x00000201fad0d800 Exception <a 'java/lang/NoSuchMethodError'{0x000000008e8ac8f8}: <clinit>> (0x000000008e8ac8f8) thrown at [./src/hotspot/share/prims/jni.cpp, line 1362]
Event: 6.246 Thread 0x00000201fad0d800 Exception <a 'java/lang/NoSuchMethodError'{0x000000008e8ae5d0}: <clinit>> (0x000000008e8ae5d0) thrown at [./src/hotspot/share/prims/jni.cpp, line 1362]
Event: 6.374 Thread 0x00000201fad0d800 Exception <a 'java/lang/NoSuchMethodError'{0x000000008df53a80}: 'int java.lang.invoke.DirectMethodHandle$Holder.invokeSpecial(java.lang.Object, java.lang.Object, java.lang.Object, java.lang.Object, java.lang.Object)'> (0x000000008df53a80) thrown at [./src/hotspot/share/interpreter/linkResolver.cpp, line 773]
Event: 7.051 Thread 0x00000201fad0d800 Exception <a 'java/lang/NoSuchMethodError'{0x000000008b12c190}: 'int java.lang.invoke.DirectMethodHandle$Holder.invokeVirtual(java.lang.Object, java.lang.Object, java.lang.Object)'> (0x000000008b12c190) thrown at [./src/hotspot/share/interpreter/linkResolver.cpp, line 773]

Events (20 events):
Event: 7.087 Executing VM operation: RevokeBias
Event: 7.087 Executing VM operation: RevokeBias done
Event: 7.087 Executing VM operation: RevokeBias
Event: 7.087 Executing VM operation: RevokeBias done
Event: 7.088 loading class org/gradle/internal/watch/vfs/impl/DefaultFileSystemWatchingStatistics
Event: 7.088 loading class org/gradle/internal/watch/vfs/impl/DefaultFileSystemWatchingStatistics done
Event: 7.088 loading class com/google/common/collect/EnumMultiset
Event: 7.088 loading class com/google/common/collect/EnumMultiset done
Event: 7.089 loading class org/gradle/internal/snapshot/FileSystemLocationSnapshot
Event: 7.089 loading class org/gradle/internal/snapshot/FileSystemLocationSnapshot done
Event: 7.089 loading class com/google/common/collect/EnumMultiset
Event: 7.089 loading class com/google/common/collect/EnumMultiset done
Event: 7.089 loading class com/google/common/collect/EnumMultiset
Event: 7.089 loading class com/google/common/collect/EnumMultiset done
Event: 7.089 loading class org/gradle/internal/snapshot/FileSystemLocationSnapshot
Event: 7.089 loading class org/gradle/internal/snapshot/FileSystemLocationSnapshot done
Event: 7.089 loading class com/google/common/collect/EnumMultiset
Event: 7.089 loading class com/google/common/collect/EnumMultiset done
Event: 7.089 loading class com/google/common/collect/EnumMultiset
Event: 7.089 loading class com/google/common/collect/EnumMultiset done


Dynamic libraries:
0x00007ff60a700000 - 0x00007ff60a70a000 	C:\Program Files\Android\Android Studio\jre\bin\java.exe
0x00007ff95cfd0000 - 0x00007ff95d1c5000 	C:\WINDOWS\SYSTEM32\ntdll.dll
0x00007ff95ce70000 - 0x00007ff95cf2d000 	C:\WINDOWS\System32\KERNEL32.DLL
0x00007ff95a860000 - 0x00007ff95ab28000 	C:\WINDOWS\System32\KERNELBASE.dll
0x00007ff95ab90000 - 0x00007ff95ac90000 	C:\WINDOWS\System32\ucrtbase.dll
0x00007ff951d90000 - 0x00007ff951da9000 	C:\Program Files\Android\Android Studio\jre\bin\jli.dll
0x00007ff950360000 - 0x00007ff950377000 	C:\Program Files\Android\Android Studio\jre\bin\VCRUNTIME140.dll
0x00007ff95c550000 - 0x00007ff95c6f0000 	C:\WINDOWS\System32\USER32.dll
0x00007ff95add0000 - 0x00007ff95adf2000 	C:\WINDOWS\System32\win32u.dll
0x00007ff9328b0000 - 0x00007ff932b4a000 	C:\WINDOWS\WinSxS\amd64_microsoft.windows.common-controls_6595b64144ccf1df_6.0.19041.1052_none_60b8f8fd71f5e8cb\COMCTL32.dll
0x00007ff95c6f0000 - 0x00007ff95c71a000 	C:\WINDOWS\System32\GDI32.dll
0x00007ff95ac90000 - 0x00007ff95ad9b000 	C:\WINDOWS\System32\gdi32full.dll
0x00007ff95bd90000 - 0x00007ff95be2e000 	C:\WINDOWS\System32\msvcrt.dll
0x00007ff95a7c0000 - 0x00007ff95a85d000 	C:\WINDOWS\System32\msvcp_win.dll
0x00007ff95b8c0000 - 0x00007ff95b8f0000 	C:\WINDOWS\System32\IMM32.DLL
0x00007ff939fc0000 - 0x00007ff93a05d000 	C:\Program Files\Android\Android Studio\jre\bin\msvcp140.dll
0x00007ff9052b0000 - 0x00007ff905d7f000 	C:\Program Files\Android\Android Studio\jre\bin\server\jvm.dll
0x00007ff95b980000 - 0x00007ff95ba2c000 	C:\WINDOWS\System32\ADVAPI32.dll
0x00007ff95cbb0000 - 0x00007ff95cc4b000 	C:\WINDOWS\System32\sechost.dll
0x00007ff95ca20000 - 0x00007ff95cb4b000 	C:\WINDOWS\System32\RPCRT4.dll
0x00007ff95b970000 - 0x00007ff95b978000 	C:\WINDOWS\System32\PSAPI.DLL
0x00007ff957ee0000 - 0x00007ff957ee9000 	C:\WINDOWS\SYSTEM32\WSOCK32.dll
0x00007ff942900000 - 0x00007ff942927000 	C:\WINDOWS\SYSTEM32\WINMM.dll
0x00007ff954890000 - 0x00007ff95489a000 	C:\WINDOWS\SYSTEM32\VERSION.dll
0x00007ff95b900000 - 0x00007ff95b96b000 	C:\WINDOWS\System32\WS2_32.dll
0x00007ff959000000 - 0x00007ff959012000 	C:\WINDOWS\SYSTEM32\kernel.appcore.dll
0x00007ff957ec0000 - 0x00007ff957ed1000 	C:\Program Files\Android\Android Studio\jre\bin\verify.dll
0x00007ff93d6f0000 - 0x00007ff93d8d4000 	C:\WINDOWS\SYSTEM32\DBGHELP.DLL
0x00007ff93cd30000 - 0x00007ff93cd5c000 	C:\WINDOWS\SYSTEM32\dbgcore.DLL
0x00007ff95ae00000 - 0x00007ff95ae83000 	C:\WINDOWS\System32\bcryptPrimitives.dll
0x00007ff9562a0000 - 0x00007ff9562c9000 	C:\Program Files\Android\Android Studio\jre\bin\java.dll
0x00007ff956290000 - 0x00007ff95629b000 	C:\Program Files\Android\Android Studio\jre\bin\jimage.dll
0x00007ff956270000 - 0x00007ff956288000 	C:\Program Files\Android\Android Studio\jre\bin\zip.dll
0x00007ff95b040000 - 0x00007ff95b77f000 	C:\WINDOWS\System32\SHELL32.dll
0x00007ff958860000 - 0x00007ff958ff0000 	C:\WINDOWS\SYSTEM32\windows.storage.dll
0x00007ff95ba30000 - 0x00007ff95bd85000 	C:\WINDOWS\System32\combase.dll
0x00007ff95a110000 - 0x00007ff95a13c000 	C:\WINDOWS\SYSTEM32\Wldp.dll
0x00007ff95b800000 - 0x00007ff95b8ae000 	C:\WINDOWS\System32\SHCORE.dll
0x00007ff95ce10000 - 0x00007ff95ce65000 	C:\WINDOWS\System32\shlwapi.dll
0x00007ff95a650000 - 0x00007ff95a66f000 	C:\WINDOWS\SYSTEM32\profapi.dll
0x00007ff956220000 - 0x00007ff95623a000 	C:\Program Files\Android\Android Studio\jre\bin\net.dll
0x00007ff951f70000 - 0x00007ff95207b000 	C:\WINDOWS\SYSTEM32\WINHTTP.dll
0x00007ff959e20000 - 0x00007ff959e8a000 	C:\WINDOWS\system32\mswsock.dll
0x00007ff955b20000 - 0x00007ff955b34000 	C:\Program Files\Android\Android Studio\jre\bin\nio.dll
0x00007ff952890000 - 0x00007ff9528b7000 	C:\Users\a20raulcg\.gradle\native\8bec1ad78214c89d9ad589b4d07fe93259594b29d510b10fafb7a158f7737e5d\windows-amd64\native-platform.dll
0x00007ff93a8c0000 - 0x00007ff93a9fd000 	C:\Users\a20raulcg\.gradle\native\53dbd7edfb1c66fb8903c78663c9afc45aea4f116125fa6feffd364cf09443e8\windows-amd64\native-platform-file-events.dll
0x00007ff956210000 - 0x00007ff95621a000 	C:\Program Files\Android\Android Studio\jre\bin\management.dll
0x00007ff955b10000 - 0x00007ff955b1c000 	C:\Program Files\Android\Android Studio\jre\bin\management_ext.dll
0x00007ff959ff0000 - 0x00007ff95a008000 	C:\WINDOWS\SYSTEM32\CRYPTSP.dll
0x00007ff9597c0000 - 0x00007ff9597f4000 	C:\WINDOWS\system32\rsaenh.dll
0x00007ff95ada0000 - 0x00007ff95adc7000 	C:\WINDOWS\System32\bcrypt.dll
0x00007ff95a610000 - 0x00007ff95a63e000 	C:\WINDOWS\SYSTEM32\USERENV.dll
0x00007ff95a010000 - 0x00007ff95a01c000 	C:\WINDOWS\SYSTEM32\CRYPTBASE.dll
0x00007ff959b10000 - 0x00007ff959b4b000 	C:\WINDOWS\SYSTEM32\IPHLPAPI.DLL
0x00007ff95b8b0000 - 0x00007ff95b8b8000 	C:\WINDOWS\System32\NSI.dll
0x00007ff955b40000 - 0x00007ff955b57000 	C:\WINDOWS\SYSTEM32\dhcpcsvc6.DLL
0x00007ff955af0000 - 0x00007ff955b0d000 	C:\WINDOWS\SYSTEM32\dhcpcsvc.DLL
0x00007ff959b50000 - 0x00007ff959c1c000 	C:\WINDOWS\SYSTEM32\DNSAPI.dll

dbghelp: loaded successfully - version: 4.0.5 - missing functions: none
symbol engine: initialized successfully - sym options: 0x614 - pdb path: .;C:\Program Files\Android\Android Studio\jre\bin;C:\WINDOWS\SYSTEM32;C:\WINDOWS\WinSxS\amd64_microsoft.windows.common-controls_6595b64144ccf1df_6.0.19041.1052_none_60b8f8fd71f5e8cb;C:\Program Files\Android\Android Studio\jre\bin\server;C:\Users\a20raulcg\.gradle\native\8bec1ad78214c89d9ad589b4d07fe93259594b29d510b10fafb7a158f7737e5d\windows-amd64;C:\Users\a20raulcg\.gradle\native\53dbd7edfb1c66fb8903c78663c9afc45aea4f116125fa6feffd364cf09443e8\windows-amd64

VM Arguments:
jvm_args: --add-opens=java.base/java.util=ALL-UNNAMED --add-opens=java.base/java.lang=ALL-UNNAMED --add-opens=java.base/java.lang.invoke=ALL-UNNAMED --add-opens=java.base/java.util=ALL-UNNAMED --add-opens=java.prefs/java.util.prefs=ALL-UNNAMED --add-opens=java.prefs/java.util.prefs=ALL-UNNAMED --add-opens=java.base/java.nio.charset=ALL-UNNAMED --add-opens=java.base/java.net=ALL-UNNAMED --add-opens=java.base/java.util.concurrent.atomic=ALL-UNNAMED -Xmx2048m -Dfile.encoding=UTF-8 -Duser.country=ES -Duser.language=es -Duser.variant 
java_command: org.gradle.launcher.daemon.bootstrap.GradleDaemon 7.0.2
java_class_path (initial): C:\Users\a20raulcg\.gradle\wrapper\dists\gradle-7.0.2-bin\857tjihv64xamwrf0h14cai3r\gradle-7.0.2\lib\gradle-launcher-7.0.2.jar
Launcher Type: SUN_STANDARD

[Global flags]
     intx CICompilerCount                          = 3                                         {product} {ergonomic}
     uint ConcGCThreads                            = 2                                         {product} {ergonomic}
     uint G1ConcRefinementThreads                  = 6                                         {product} {ergonomic}
   size_t G1HeapRegionSize                         = 1048576                                   {product} {ergonomic}
    uintx GCDrainStackTargetSize                   = 64                                        {product} {ergonomic}
   size_t InitialHeapSize                          = 266338304                                 {product} {ergonomic}
   size_t MarkStackSize                            = 4194304                                   {product} {ergonomic}
   size_t MaxHeapSize                              = 2147483648                                {product} {command line}
   size_t MaxNewSize                               = 1287651328                                {product} {ergonomic}
   size_t MinHeapDeltaBytes                        = 1048576                                   {product} {ergonomic}
    uintx NonNMethodCodeHeapSize                   = 5830732                                {pd product} {ergonomic}
    uintx NonProfiledCodeHeapSize                  = 122913754                              {pd product} {ergonomic}
    uintx ProfiledCodeHeapSize                     = 122913754                              {pd product} {ergonomic}
    uintx ReservedCodeCacheSize                    = 251658240                              {pd product} {ergonomic}
     bool SegmentedCodeCache                       = true                                      {product} {ergonomic}
     bool UseCompressedClassPointers               = true                                 {lp64_product} {ergonomic}
     bool UseCompressedOops                        = true                                 {lp64_product} {ergonomic}
     bool UseG1GC                                  = true                                      {product} {ergonomic}
     bool UseLargePagesIndividualAllocation        = false                                  {pd product} {ergonomic}

Logging:
Log output configuration:
 #0: stdout all=warning uptime,level,tags
 #1: stderr all=off uptime,level,tags

Environment Variables:
PATH=C:\WINDOWS\system32;C:\WINDOWS;C:\WINDOWS\System32\Wbem;C:\WINDOWS\System32\WindowsPowerShell\v1.0\;C:\WINDOWS\System32\OpenSSH\;C:\Program Files\Microsoft VS Code\bin;C:\Program Files\PuTTY\;C:\Users\a20raulcg\AppData\Local\Microsoft\WindowsApps;
USERNAME=a20raulcg
OS=Windows_NT
PROCESSOR_IDENTIFIER=Intel64 Family 6 Model 158 Stepping 10, GenuineIntel



---------------  S Y S T E M  ---------------

OS: Windows 10 , 64 bit Build 19041 (10.0.19041.1023)
OS uptime: 0 days 1:37 hours

CPU:total 6 (initial active 6) (6 cores per cpu, 1 threads per core) family 6 model 158 stepping 10 microcode 0xca, cmov, cx8, fxsr, mmx, sse, sse2, sse3, ssse3, sse4.1, sse4.2, popcnt, avx, avx2, aes, clmul, erms, rtm, 3dnowpref, lzcnt, tsc, tscinvbit, bmi1, bmi2, adx, fma

Memory: 4k page, system-wide physical 16222M (7481M free)
TotalPageFile size 18654M (AvailPageFile size 9073M)
current process WorkingSet (physical memory assigned to process): 460M, peak: 465M
current process commit charge ("private bytes"): 525M, peak: 531M

vm_info: OpenJDK 64-Bit Server VM (11.0.10+0-b96-7249189) for windows-amd64 JRE (11.0.10+0-b96-7249189), built on Mar 31 2021 21:44:00 by "builder" with MS VC++ 14.0 (VS2015)

END.
